2022-09-21 23:51:11,897 | INFO : Starting population AF
2022-09-21 23:51:11,899 | INFO : [AF] Data extraction complete!
2022-09-21 23:51:11,899 | INFO : [AF] Processing SNPs 0 to 9999 of 440222
2022-09-21 23:51:18,343 | INFO : Starting population AF
2022-09-21 23:51:18,352 | INFO : [AF] Data extraction complete!
2022-09-21 23:51:18,352 | INFO : [AF] Processing SNPs 0 to 9999 of 440222
2022-09-21 23:51:24,018 | INFO : Starting population AF
2022-09-21 23:51:24,018 | INFO : [AF] Data extraction complete!
2022-09-21 23:51:24,018 | INFO : [AF] Processing SNPs 0 to 9999 of 440222
2022-09-21 23:53:02,394 | INFO : Starting population AF
2022-09-21 23:53:02,394 | INFO : [AF] Data extraction complete!
2022-09-21 23:53:02,394 | INFO : [AF] Processing SNPs 0 to 9999 of 440222
2022-09-22 00:00:46,421 | INFO : Starting population AF
2022-09-22 00:00:46,423 | INFO : [AF] Data extraction complete!
2022-09-22 00:00:46,423 | INFO : [AF] Processing SNPs 0 to 9999 of 440222
2022-09-22 00:01:01,797 | INFO : [AF] Processing SNPs 10000 to 19999 of 440222
2022-09-22 00:01:11,239 | INFO : [AF] Processing SNPs 20000 to 29999 of 440222
2022-09-22 00:01:18,804 | INFO : Starting population AF
2022-09-22 00:01:18,805 | INFO : [AF] Data extraction complete!
2022-09-22 00:01:18,805 | INFO : [AF] Processing SNPs 0 to 9999 of 440222
2022-09-22 00:01:22,485 | INFO : [AF] Processing SNPs 10000 to 19999 of 440222
2022-09-22 00:01:25,812 | INFO : [AF] Processing SNPs 20000 to 29999 of 440222
2022-09-22 00:01:33,575 | INFO : [AF] Processing SNPs 30000 to 39999 of 440222
2022-09-22 00:01:49,372 | INFO : [AF] Processing SNPs 40000 to 49999 of 440222
2022-09-22 00:01:51,362 | INFO : [AF] Processing SNPs 50000 to 59999 of 440222
2022-09-22 00:02:07,147 | INFO : [AF] Processing SNPs 60000 to 69999 of 440222
2022-09-22 00:02:23,455 | INFO : [AF] Processing SNPs 70000 to 79999 of 440222
2022-09-22 00:02:32,490 | INFO : [AF] Processing SNPs 80000 to 89999 of 440222
2022-09-22 00:02:41,818 | INFO : [AF] Processing SNPs 90000 to 99999 of 440222
2022-09-22 00:02:50,703 | INFO : [AF] Processing SNPs 100000 to 109999 of 440222
2022-09-22 00:03:00,270 | INFO : [AF] Processing SNPs 110000 to 119999 of 440222
2022-09-22 00:03:02,950 | INFO : [AF] Processing SNPs 120000 to 129999 of 440222
2022-09-22 00:03:12,555 | INFO : [AF] Processing SNPs 130000 to 139999 of 440222
2022-09-22 00:03:22,467 | INFO : [AF] Processing SNPs 140000 to 149999 of 440222
2022-09-22 00:03:33,537 | INFO : [AF] Processing SNPs 150000 to 159999 of 440222
2022-09-22 00:03:35,730 | INFO : [AF] Processing SNPs 160000 to 169999 of 440222
2022-09-22 00:03:45,958 | INFO : [AF] Processing SNPs 170000 to 179999 of 440222
2022-09-22 00:04:03,268 | INFO : [AF] Processing SNPs 180000 to 189999 of 440222
2022-09-22 00:04:05,228 | INFO : [AF] Processing SNPs 190000 to 199999 of 440222
2022-09-22 00:04:14,090 | INFO : [AF] Processing SNPs 200000 to 209999 of 440222
2022-09-22 00:04:22,967 | INFO : [AF] Processing SNPs 210000 to 219999 of 440222
2022-09-22 00:04:40,918 | INFO : [AF] Processing SNPs 220000 to 229999 of 440222
2022-09-22 00:04:42,883 | INFO : [AF] Processing SNPs 230000 to 239999 of 440222
2022-09-22 00:04:58,967 | INFO : [AF] Processing SNPs 240000 to 249999 of 440222
2022-09-22 00:05:01,298 | INFO : [AF] Processing SNPs 250000 to 259999 of 440222
2022-09-22 00:05:11,174 | INFO : [AF] Processing SNPs 260000 to 269999 of 440222
2022-09-22 00:05:22,502 | INFO : [AF] Processing SNPs 270000 to 279999 of 440222
2022-09-22 00:05:32,287 | INFO : [AF] Processing SNPs 280000 to 289999 of 440222
2022-09-22 00:05:41,863 | INFO : [AF] Processing SNPs 290000 to 299999 of 440222
2022-09-22 00:05:44,362 | INFO : [AF] Processing SNPs 300000 to 309999 of 440222
2022-09-22 00:05:54,337 | INFO : [AF] Processing SNPs 310000 to 319999 of 440222
2022-09-22 00:06:04,299 | INFO : [AF] Processing SNPs 320000 to 329999 of 440222
2022-09-22 00:06:06,434 | INFO : [AF] Processing SNPs 330000 to 339999 of 440222
2022-09-22 00:06:16,039 | INFO : [AF] Processing SNPs 340000 to 349999 of 440222
2022-09-22 00:06:25,818 | INFO : [AF] Processing SNPs 350000 to 359999 of 440222
2022-09-22 00:06:36,347 | INFO : [AF] Processing SNPs 360000 to 369999 of 440222
2022-09-22 00:06:46,156 | INFO : [AF] Processing SNPs 370000 to 379999 of 440222
2022-09-22 00:06:48,298 | INFO : [AF] Processing SNPs 380000 to 389999 of 440222
2022-09-22 00:06:58,089 | INFO : [AF] Processing SNPs 390000 to 399999 of 440222
2022-09-22 00:07:06,584 | INFO : [AF] Processing SNPs 400000 to 409999 of 440222
2022-09-22 00:07:17,400 | INFO : [AF] Processing SNPs 410000 to 419999 of 440222
2022-09-22 00:07:26,795 | INFO : [AF] Processing SNPs 420000 to 429999 of 440222
2022-09-22 00:07:28,943 | INFO : [AF] Processing SNPs 430000 to 439999 of 440222
2022-09-22 00:07:38,170 | INFO : [AF] Processing SNPs 440000 to 440221 of 440222
2022-09-22 00:07:40,137 | INFO : Starting population LAM
2022-09-22 00:07:40,152 | INFO : [LAM] Data extraction complete!
2022-09-22 00:07:40,152 | INFO : [LAM] Processing SNPs 0 to 9999 of 440222
2022-09-22 00:07:54,344 | INFO : [LAM] Processing SNPs 10000 to 19999 of 440222
2022-09-22 00:08:05,236 | INFO : [LAM] Processing SNPs 20000 to 29999 of 440222
2022-09-22 00:08:15,840 | INFO : [LAM] Processing SNPs 30000 to 39999 of 440222
2022-09-22 00:08:33,045 | INFO : [LAM] Processing SNPs 40000 to 49999 of 440222
2022-09-22 00:08:36,351 | INFO : [LAM] Processing SNPs 50000 to 59999 of 440222
2022-09-22 00:08:54,447 | INFO : [LAM] Processing SNPs 60000 to 69999 of 440222
2022-09-22 00:09:12,146 | INFO : [LAM] Processing SNPs 70000 to 79999 of 440222
2022-09-22 00:09:23,739 | INFO : [LAM] Processing SNPs 80000 to 89999 of 440222
2022-09-22 00:09:34,246 | INFO : [LAM] Processing SNPs 90000 to 99999 of 440222
2022-09-22 00:09:44,384 | INFO : [LAM] Processing SNPs 100000 to 109999 of 440222
2022-09-22 00:09:55,339 | INFO : [LAM] Processing SNPs 110000 to 119999 of 440222
2022-09-22 00:09:58,360 | INFO : [LAM] Processing SNPs 120000 to 129999 of 440222
2022-09-22 00:10:08,278 | INFO : [LAM] Processing SNPs 130000 to 139999 of 440222
2022-09-22 00:10:17,506 | INFO : [LAM] Processing SNPs 140000 to 149999 of 440222
2022-09-22 00:10:27,376 | INFO : [LAM] Processing SNPs 150000 to 159999 of 440222
2022-09-22 00:10:31,123 | INFO : [LAM] Processing SNPs 160000 to 169999 of 440222
2022-09-22 00:10:43,248 | INFO : [LAM] Processing SNPs 170000 to 179999 of 440222
2022-09-22 00:11:01,231 | INFO : [LAM] Processing SNPs 180000 to 189999 of 440222
2022-09-22 00:11:04,776 | INFO : [LAM] Processing SNPs 190000 to 199999 of 440222
2022-09-22 00:11:17,173 | INFO : [LAM] Processing SNPs 200000 to 209999 of 440222
2022-09-22 00:11:27,492 | INFO : [LAM] Processing SNPs 210000 to 219999 of 440222
2022-09-22 00:11:46,507 | INFO : [LAM] Processing SNPs 220000 to 229999 of 440222
2022-09-22 00:11:50,479 | INFO : [LAM] Processing SNPs 230000 to 239999 of 440222
2022-09-22 00:12:09,536 | INFO : [LAM] Processing SNPs 240000 to 249999 of 440222
2022-09-22 00:12:12,719 | INFO : [LAM] Processing SNPs 250000 to 259999 of 440222
2022-09-22 00:12:22,597 | INFO : [LAM] Processing SNPs 260000 to 269999 of 440222
2022-09-22 00:12:31,569 | INFO : [LAM] Processing SNPs 270000 to 279999 of 440222
2022-09-22 00:12:42,542 | INFO : [LAM] Processing SNPs 280000 to 289999 of 440222
2022-09-22 00:12:53,107 | INFO : [LAM] Processing SNPs 290000 to 299999 of 440222
2022-09-22 00:12:56,378 | INFO : [LAM] Processing SNPs 300000 to 309999 of 440222
2022-09-22 00:13:06,585 | INFO : [LAM] Processing SNPs 310000 to 319999 of 440222
2022-09-22 00:13:16,669 | INFO : [LAM] Processing SNPs 320000 to 329999 of 440222
2022-09-22 00:13:19,967 | INFO : [LAM] Processing SNPs 330000 to 339999 of 440222
2022-09-22 00:13:29,299 | INFO : [LAM] Processing SNPs 340000 to 349999 of 440222
2022-09-22 00:13:39,826 | INFO : [LAM] Processing SNPs 350000 to 359999 of 440222
2022-09-22 00:13:50,109 | INFO : [LAM] Processing SNPs 360000 to 369999 of 440222
2022-09-22 00:14:00,569 | INFO : [LAM] Processing SNPs 370000 to 379999 of 440222
2022-09-22 00:14:04,164 | INFO : [LAM] Processing SNPs 380000 to 389999 of 440222
2022-09-22 00:14:15,620 | INFO : [LAM] Processing SNPs 390000 to 399999 of 440222
2022-09-22 00:14:25,958 | INFO : [LAM] Processing SNPs 400000 to 409999 of 440222
2022-09-22 00:14:36,655 | INFO : [LAM] Processing SNPs 410000 to 419999 of 440222
2022-09-22 00:14:47,375 | INFO : [LAM] Processing SNPs 420000 to 429999 of 440222
2022-09-22 00:14:50,942 | INFO : [LAM] Processing SNPs 430000 to 439999 of 440222
2022-09-22 00:15:01,974 | INFO : [LAM] Processing SNPs 440000 to 440221 of 440222
2022-09-22 00:15:05,288 | INFO : Starting population ESEA
2022-09-22 00:15:05,289 | INFO : [ESEA] Data extraction complete!
2022-09-22 00:15:05,289 | INFO : [ESEA] Processing SNPs 0 to 9999 of 440222
2022-09-22 00:15:32,086 | INFO : [ESEA] Processing SNPs 10000 to 19999 of 440222
2022-09-22 00:15:49,005 | INFO : [ESEA] Processing SNPs 20000 to 29999 of 440222
2022-09-22 00:16:02,463 | INFO : [ESEA] Processing SNPs 30000 to 39999 of 440222
2022-09-22 00:16:25,178 | INFO : [ESEA] Processing SNPs 40000 to 49999 of 440222
2022-09-22 00:16:30,103 | INFO : [ESEA] Processing SNPs 50000 to 59999 of 440222
2022-09-22 00:16:53,986 | INFO : [ESEA] Processing SNPs 60000 to 69999 of 440222
2022-09-22 00:17:17,730 | INFO : [ESEA] Processing SNPs 70000 to 79999 of 440222
2022-09-22 00:17:32,408 | INFO : [ESEA] Processing SNPs 80000 to 89999 of 440222
2022-09-22 00:17:47,464 | INFO : [ESEA] Processing SNPs 90000 to 99999 of 440222
2022-09-22 00:18:01,278 | INFO : [ESEA] Processing SNPs 100000 to 109999 of 440222
2022-09-22 00:18:15,224 | INFO : [ESEA] Processing SNPs 110000 to 119999 of 440222
2022-09-22 00:18:19,818 | INFO : [ESEA] Processing SNPs 120000 to 129999 of 440222
2022-09-22 00:18:34,034 | INFO : [ESEA] Processing SNPs 130000 to 139999 of 440222
2022-09-22 00:18:47,517 | INFO : [ESEA] Processing SNPs 140000 to 149999 of 440222
2022-09-22 00:19:00,929 | INFO : [ESEA] Processing SNPs 150000 to 159999 of 440222
2022-09-22 00:19:05,901 | INFO : [ESEA] Processing SNPs 160000 to 169999 of 440222
2022-09-22 00:19:19,380 | INFO : [ESEA] Processing SNPs 170000 to 179999 of 440222
2022-09-22 00:19:44,189 | INFO : [ESEA] Processing SNPs 180000 to 189999 of 440222
2022-09-22 00:19:48,864 | INFO : [ESEA] Processing SNPs 190000 to 199999 of 440222
2022-09-22 00:20:03,152 | INFO : [ESEA] Processing SNPs 200000 to 209999 of 440222
2022-09-22 00:20:18,025 | INFO : [ESEA] Processing SNPs 210000 to 219999 of 440222
2022-09-22 00:20:40,876 | INFO : [ESEA] Processing SNPs 220000 to 229999 of 440222
2022-09-22 00:20:45,878 | INFO : [ESEA] Processing SNPs 230000 to 239999 of 440222
2022-09-22 00:21:09,558 | INFO : [ESEA] Processing SNPs 240000 to 249999 of 440222
2022-09-22 00:21:13,990 | INFO : [ESEA] Processing SNPs 250000 to 259999 of 440222
2022-09-22 00:21:29,217 | INFO : [ESEA] Processing SNPs 260000 to 269999 of 440222
2022-09-22 00:21:42,352 | INFO : [ESEA] Processing SNPs 270000 to 279999 of 440222
2022-09-22 00:21:55,542 | INFO : [ESEA] Processing SNPs 280000 to 289999 of 440222
2022-09-22 00:22:10,773 | INFO : [ESEA] Processing SNPs 290000 to 299999 of 440222
2022-09-22 00:22:15,653 | INFO : [ESEA] Processing SNPs 300000 to 309999 of 440222
2022-09-22 00:22:29,558 | INFO : [ESEA] Processing SNPs 310000 to 319999 of 440222
2022-09-22 00:22:42,573 | INFO : [ESEA] Processing SNPs 320000 to 329999 of 440222
2022-09-22 00:22:47,090 | INFO : [ESEA] Processing SNPs 330000 to 339999 of 440222
2022-09-22 00:23:00,648 | INFO : [ESEA] Processing SNPs 340000 to 349999 of 440222
2022-09-22 00:23:14,638 | INFO : [ESEA] Processing SNPs 350000 to 359999 of 440222
2022-09-22 00:23:27,407 | INFO : [ESEA] Processing SNPs 360000 to 369999 of 440222
2022-09-22 00:23:40,942 | INFO : [ESEA] Processing SNPs 370000 to 379999 of 440222
2022-09-22 00:23:44,938 | INFO : [ESEA] Processing SNPs 380000 to 389999 of 440222
2022-09-22 00:23:58,232 | INFO : [ESEA] Processing SNPs 390000 to 399999 of 440222
2022-09-22 00:24:11,111 | INFO : [ESEA] Processing SNPs 400000 to 409999 of 440222
2022-09-22 00:24:24,399 | INFO : [ESEA] Processing SNPs 410000 to 419999 of 440222
2022-09-22 00:24:35,557 | INFO : [ESEA] Processing SNPs 420000 to 429999 of 440222
2022-09-22 00:24:39,787 | INFO : [ESEA] Processing SNPs 430000 to 439999 of 440222
2022-09-22 00:24:55,219 | INFO : [ESEA] Processing SNPs 440000 to 440221 of 440222
2022-09-22 00:24:58,991 | INFO : Starting population WAS
2022-09-22 00:24:58,992 | INFO : [WAS] Data extraction complete!
2022-09-22 00:24:58,992 | INFO : [WAS] Processing SNPs 0 to 9999 of 440222
2022-09-22 00:25:06,457 | INFO : [WAS] Processing SNPs 10000 to 19999 of 440222
2022-09-22 00:25:12,052 | INFO : [WAS] Processing SNPs 20000 to 29999 of 440222
2022-09-22 00:25:17,277 | INFO : [WAS] Processing SNPs 30000 to 39999 of 440222
2022-09-22 00:25:27,126 | INFO : [WAS] Processing SNPs 40000 to 49999 of 440222
2022-09-22 00:25:29,711 | INFO : [WAS] Processing SNPs 50000 to 59999 of 440222
2022-09-22 00:25:39,696 | INFO : [WAS] Processing SNPs 60000 to 69999 of 440222
2022-09-22 00:25:49,124 | INFO : [WAS] Processing SNPs 70000 to 79999 of 440222
2022-09-22 00:25:54,615 | INFO : [WAS] Processing SNPs 80000 to 89999 of 440222
2022-09-22 00:25:59,967 | INFO : [WAS] Processing SNPs 90000 to 99999 of 440222
2022-09-22 00:26:05,192 | INFO : [WAS] Processing SNPs 100000 to 109999 of 440222
2022-09-22 00:26:10,718 | INFO : [WAS] Processing SNPs 110000 to 119999 of 440222
2022-09-22 00:26:12,494 | INFO : [WAS] Processing SNPs 120000 to 129999 of 440222
2022-09-22 00:26:18,378 | INFO : [WAS] Processing SNPs 130000 to 139999 of 440222
2022-09-22 00:26:24,177 | INFO : [WAS] Processing SNPs 140000 to 149999 of 440222
2022-09-22 00:26:29,521 | INFO : [WAS] Processing SNPs 150000 to 159999 of 440222
2022-09-22 00:26:31,429 | INFO : [WAS] Processing SNPs 160000 to 169999 of 440222
2022-09-22 00:26:36,741 | INFO : [WAS] Processing SNPs 170000 to 179999 of 440222
2022-09-22 00:26:45,181 | INFO : [WAS] Processing SNPs 180000 to 189999 of 440222
2022-09-22 00:26:46,911 | INFO : [WAS] Processing SNPs 190000 to 199999 of 440222
2022-09-22 00:26:51,953 | INFO : [WAS] Processing SNPs 200000 to 209999 of 440222
2022-09-22 00:26:57,702 | INFO : [WAS] Processing SNPs 210000 to 219999 of 440222
2022-09-22 00:27:08,260 | INFO : [WAS] Processing SNPs 220000 to 229999 of 440222
2022-09-22 00:27:10,465 | INFO : [WAS] Processing SNPs 230000 to 239999 of 440222
2022-09-22 00:27:21,115 | INFO : [WAS] Processing SNPs 240000 to 249999 of 440222
2022-09-22 00:27:23,026 | INFO : [WAS] Processing SNPs 250000 to 259999 of 440222
2022-09-22 00:27:28,751 | INFO : [WAS] Processing SNPs 260000 to 269999 of 440222
2022-09-22 00:27:34,616 | INFO : [WAS] Processing SNPs 270000 to 279999 of 440222
2022-09-22 00:27:40,551 | INFO : [WAS] Processing SNPs 280000 to 289999 of 440222
2022-09-22 00:27:46,395 | INFO : [WAS] Processing SNPs 290000 to 299999 of 440222
2022-09-22 00:27:48,071 | INFO : [WAS] Processing SNPs 300000 to 309999 of 440222
2022-09-22 00:27:53,666 | INFO : [WAS] Processing SNPs 310000 to 319999 of 440222
2022-09-22 00:28:00,789 | INFO : [WAS] Processing SNPs 320000 to 329999 of 440222
2022-09-22 00:28:02,616 | INFO : [WAS] Processing SNPs 330000 to 339999 of 440222
2022-09-22 00:28:08,557 | INFO : [WAS] Processing SNPs 340000 to 349999 of 440222
2022-09-22 00:28:13,585 | INFO : [WAS] Processing SNPs 350000 to 359999 of 440222
2022-09-22 00:28:19,942 | INFO : [WAS] Processing SNPs 360000 to 369999 of 440222
2022-09-22 00:28:26,385 | INFO : [WAS] Processing SNPs 370000 to 379999 of 440222
2022-09-22 00:28:28,084 | INFO : [WAS] Processing SNPs 380000 to 389999 of 440222
2022-09-22 00:28:33,452 | INFO : [WAS] Processing SNPs 390000 to 399999 of 440222
2022-09-22 00:28:38,671 | INFO : [WAS] Processing SNPs 400000 to 409999 of 440222
2022-09-22 00:28:45,504 | INFO : [WAS] Processing SNPs 410000 to 419999 of 440222
2022-09-22 00:28:50,880 | INFO : [WAS] Processing SNPs 420000 to 429999 of 440222
2022-09-22 00:28:52,597 | INFO : [WAS] Processing SNPs 430000 to 439999 of 440222
2022-09-22 00:28:58,095 | INFO : [WAS] Processing SNPs 440000 to 440221 of 440222
2022-09-22 00:28:59,825 | INFO : Starting population unassigned
2022-09-22 00:28:59,826 | INFO : [unassigned] Data extraction complete!
2022-09-22 00:28:59,826 | INFO : [unassigned] Processing SNPs 0 to 9999 of 440222
2022-09-22 00:29:11,999 | INFO : [unassigned] Processing SNPs 10000 to 19999 of 440222
2022-09-22 00:29:15,998 | INFO : [unassigned] Processing SNPs 20000 to 29999 of 440222
2022-09-22 00:29:20,226 | INFO : [unassigned] Processing SNPs 30000 to 39999 of 440222
2022-09-22 00:29:26,706 | INFO : [unassigned] Processing SNPs 40000 to 49999 of 440222
2022-09-22 00:29:28,859 | INFO : [unassigned] Processing SNPs 50000 to 59999 of 440222
2022-09-22 00:29:36,038 | INFO : [unassigned] Processing SNPs 60000 to 69999 of 440222
2022-09-22 00:29:43,490 | INFO : [unassigned] Processing SNPs 70000 to 79999 of 440222
2022-09-22 00:29:49,567 | INFO : [unassigned] Processing SNPs 80000 to 89999 of 440222
2022-09-22 00:29:53,560 | INFO : [unassigned] Processing SNPs 90000 to 99999 of 440222
2022-09-22 00:29:57,572 | INFO : [unassigned] Processing SNPs 100000 to 109999 of 440222
2022-09-22 00:30:01,590 | INFO : [unassigned] Processing SNPs 110000 to 119999 of 440222
2022-09-22 00:30:03,588 | INFO : [unassigned] Processing SNPs 120000 to 129999 of 440222
2022-09-22 00:30:07,570 | INFO : [unassigned] Processing SNPs 130000 to 139999 of 440222
2022-09-22 00:30:11,218 | INFO : [unassigned] Processing SNPs 140000 to 149999 of 440222
2022-09-22 00:30:16,218 | INFO : [unassigned] Processing SNPs 150000 to 159999 of 440222
2022-09-22 00:30:18,020 | INFO : [unassigned] Processing SNPs 160000 to 169999 of 440222
2022-09-22 00:30:21,600 | INFO : [unassigned] Processing SNPs 170000 to 179999 of 440222
2022-09-22 00:30:27,104 | INFO : [unassigned] Processing SNPs 180000 to 189999 of 440222
2022-09-22 00:30:28,996 | INFO : [unassigned] Processing SNPs 190000 to 199999 of 440222
2022-09-22 00:30:33,023 | INFO : [unassigned] Processing SNPs 200000 to 209999 of 440222
2022-09-22 00:30:37,286 | INFO : [unassigned] Processing SNPs 210000 to 219999 of 440222
2022-09-22 00:30:43,089 | INFO : [unassigned] Processing SNPs 220000 to 229999 of 440222
2022-09-22 00:30:45,055 | INFO : [unassigned] Processing SNPs 230000 to 239999 of 440222
2022-09-22 00:30:50,903 | INFO : [unassigned] Processing SNPs 240000 to 249999 of 440222
2022-09-22 00:30:53,048 | INFO : [unassigned] Processing SNPs 250000 to 259999 of 440222
2022-09-22 00:30:56,867 | INFO : [unassigned] Processing SNPs 260000 to 269999 of 440222
2022-09-22 00:31:00,781 | INFO : [unassigned] Processing SNPs 270000 to 279999 of 440222
2022-09-22 00:31:04,517 | INFO : [unassigned] Processing SNPs 280000 to 289999 of 440222
2022-09-22 00:31:08,171 | INFO : [unassigned] Processing SNPs 290000 to 299999 of 440222
2022-09-22 00:31:10,173 | INFO : [unassigned] Processing SNPs 300000 to 309999 of 440222
2022-09-22 00:31:13,931 | INFO : [unassigned] Processing SNPs 310000 to 319999 of 440222
2022-09-22 00:31:17,465 | INFO : [unassigned] Processing SNPs 320000 to 329999 of 440222
2022-09-22 00:31:20,597 | INFO : [unassigned] Processing SNPs 330000 to 339999 of 440222
2022-09-22 00:31:24,212 | INFO : [unassigned] Processing SNPs 340000 to 349999 of 440222
2022-09-22 00:31:27,805 | INFO : [unassigned] Processing SNPs 350000 to 359999 of 440222
2022-09-22 00:31:32,588 | INFO : [unassigned] Processing SNPs 360000 to 369999 of 440222
2022-09-22 00:31:36,390 | INFO : [unassigned] Processing SNPs 370000 to 379999 of 440222
2022-09-22 00:31:38,291 | INFO : [unassigned] Processing SNPs 380000 to 389999 of 440222
2022-09-22 00:31:41,857 | INFO : [unassigned] Processing SNPs 390000 to 399999 of 440222
2022-09-22 00:31:45,621 | INFO : [unassigned] Processing SNPs 400000 to 409999 of 440222
2022-09-22 00:31:49,362 | INFO : [unassigned] Processing SNPs 410000 to 419999 of 440222
2022-09-22 00:31:53,115 | INFO : [unassigned] Processing SNPs 420000 to 429999 of 440222
2022-09-22 00:31:55,104 | INFO : [unassigned] Processing SNPs 430000 to 439999 of 440222
2022-09-22 00:31:58,858 | INFO : [unassigned] Processing SNPs 440000 to 440221 of 440222
2022-09-22 00:32:00,588 | INFO : Starting population WSEA
2022-09-22 00:32:00,588 | INFO : [WSEA] Data extraction complete!
2022-09-22 00:32:00,588 | INFO : [WSEA] Processing SNPs 0 to 9999 of 440222
2022-09-22 00:32:07,458 | INFO : [WSEA] Processing SNPs 10000 to 19999 of 440222
2022-09-22 00:32:10,825 | INFO : [WSEA] Processing SNPs 20000 to 29999 of 440222
2022-09-22 00:32:14,414 | INFO : [WSEA] Processing SNPs 30000 to 39999 of 440222
2022-09-22 00:32:19,517 | INFO : [WSEA] Processing SNPs 40000 to 49999 of 440222
2022-09-22 00:32:21,306 | INFO : [WSEA] Processing SNPs 50000 to 59999 of 440222
2022-09-22 00:32:26,663 | INFO : [WSEA] Processing SNPs 60000 to 69999 of 440222
2022-09-22 00:32:31,872 | INFO : [WSEA] Processing SNPs 70000 to 79999 of 440222
2022-09-22 00:32:35,331 | INFO : [WSEA] Processing SNPs 80000 to 89999 of 440222
2022-09-22 00:32:38,851 | INFO : [WSEA] Processing SNPs 90000 to 99999 of 440222
2022-09-22 00:32:42,490 | INFO : [WSEA] Processing SNPs 100000 to 109999 of 440222
2022-09-22 00:32:46,054 | INFO : [WSEA] Processing SNPs 110000 to 119999 of 440222
2022-09-22 00:32:47,580 | INFO : [WSEA] Processing SNPs 120000 to 129999 of 440222
2022-09-22 00:32:51,008 | INFO : [WSEA] Processing SNPs 130000 to 139999 of 440222
2022-09-22 00:32:54,169 | INFO : [WSEA] Processing SNPs 140000 to 149999 of 440222
2022-09-22 00:32:57,888 | INFO : [WSEA] Processing SNPs 150000 to 159999 of 440222
2022-09-22 00:32:59,475 | INFO : [WSEA] Processing SNPs 160000 to 169999 of 440222
2022-09-22 00:33:02,826 | INFO : [WSEA] Processing SNPs 170000 to 179999 of 440222
2022-09-22 00:33:08,096 | INFO : [WSEA] Processing SNPs 180000 to 189999 of 440222
2022-09-22 00:33:10,002 | INFO : [WSEA] Processing SNPs 190000 to 199999 of 440222
2022-09-22 00:33:13,689 | INFO : [WSEA] Processing SNPs 200000 to 209999 of 440222
2022-09-22 00:33:17,098 | INFO : [WSEA] Processing SNPs 210000 to 219999 of 440222
2022-09-22 00:33:22,655 | INFO : [WSEA] Processing SNPs 220000 to 229999 of 440222
2022-09-22 00:33:24,586 | INFO : [WSEA] Processing SNPs 230000 to 239999 of 440222
2022-09-22 00:33:30,105 | INFO : [WSEA] Processing SNPs 240000 to 249999 of 440222
2022-09-22 00:33:31,716 | INFO : [WSEA] Processing SNPs 250000 to 259999 of 440222
2022-09-22 00:33:35,352 | INFO : [WSEA] Processing SNPs 260000 to 269999 of 440222
2022-09-22 00:33:39,096 | INFO : [WSEA] Processing SNPs 270000 to 279999 of 440222
2022-09-22 00:33:42,558 | INFO : [WSEA] Processing SNPs 280000 to 289999 of 440222
2022-09-22 00:33:46,077 | INFO : [WSEA] Processing SNPs 290000 to 299999 of 440222
2022-09-22 00:33:47,686 | INFO : [WSEA] Processing SNPs 300000 to 309999 of 440222
2022-09-22 00:33:51,540 | INFO : [WSEA] Processing SNPs 310000 to 319999 of 440222
2022-09-22 00:33:55,127 | INFO : [WSEA] Processing SNPs 320000 to 329999 of 440222
2022-09-22 00:33:56,734 | INFO : [WSEA] Processing SNPs 330000 to 339999 of 440222
2022-09-22 00:34:00,058 | INFO : [WSEA] Processing SNPs 340000 to 349999 of 440222
2022-09-22 00:34:03,407 | INFO : [WSEA] Processing SNPs 350000 to 359999 of 440222
2022-09-22 00:34:06,826 | INFO : [WSEA] Processing SNPs 360000 to 369999 of 440222
2022-09-22 00:34:10,500 | INFO : [WSEA] Processing SNPs 370000 to 379999 of 440222
2022-09-22 00:34:12,075 | INFO : [WSEA] Processing SNPs 380000 to 389999 of 440222
2022-09-22 00:34:15,333 | INFO : [WSEA] Processing SNPs 390000 to 399999 of 440222
2022-09-22 00:34:18,690 | INFO : [WSEA] Processing SNPs 400000 to 409999 of 440222
2022-09-22 00:34:21,905 | INFO : [WSEA] Processing SNPs 410000 to 419999 of 440222
2022-09-22 00:34:25,294 | INFO : [WSEA] Processing SNPs 420000 to 429999 of 440222
2022-09-22 00:34:27,047 | INFO : [WSEA] Processing SNPs 430000 to 439999 of 440222
2022-09-22 00:34:30,499 | INFO : [WSEA] Processing SNPs 440000 to 440221 of 440222
2022-09-22 00:34:32,146 | INFO : Starting population OCE
2022-09-22 00:34:32,146 | INFO : [OCE] Data extraction complete!
2022-09-22 00:34:32,147 | INFO : [OCE] Processing SNPs 0 to 9999 of 440222
2022-09-22 00:34:40,592 | INFO : [OCE] Processing SNPs 10000 to 19999 of 440222
2022-09-22 00:34:46,171 | INFO : [OCE] Processing SNPs 20000 to 29999 of 440222
2022-09-22 00:34:51,676 | INFO : [OCE] Processing SNPs 30000 to 39999 of 440222
2022-09-22 00:35:03,271 | INFO : [OCE] Processing SNPs 40000 to 49999 of 440222
2022-09-22 00:35:05,632 | INFO : [OCE] Processing SNPs 50000 to 59999 of 440222
2022-09-22 00:35:16,458 | INFO : [OCE] Processing SNPs 60000 to 69999 of 440222
2022-09-22 00:35:28,398 | INFO : [OCE] Processing SNPs 70000 to 79999 of 440222
2022-09-22 00:35:35,632 | INFO : [OCE] Processing SNPs 80000 to 89999 of 440222
2022-09-22 00:35:42,871 | INFO : [OCE] Processing SNPs 90000 to 99999 of 440222
2022-09-22 00:35:49,504 | INFO : [OCE] Processing SNPs 100000 to 109999 of 440222
2022-09-22 00:35:55,863 | INFO : [OCE] Processing SNPs 110000 to 119999 of 440222
2022-09-22 00:35:57,940 | INFO : [OCE] Processing SNPs 120000 to 129999 of 440222
2022-09-22 00:36:05,329 | INFO : [OCE] Processing SNPs 130000 to 139999 of 440222
2022-09-22 00:36:11,648 | INFO : [OCE] Processing SNPs 140000 to 149999 of 440222
2022-09-22 00:36:19,147 | INFO : [OCE] Processing SNPs 150000 to 159999 of 440222
2022-09-22 00:36:21,464 | INFO : [OCE] Processing SNPs 160000 to 169999 of 440222
2022-09-22 00:36:27,928 | INFO : [OCE] Processing SNPs 170000 to 179999 of 440222
2022-09-22 00:36:39,470 | INFO : [OCE] Processing SNPs 180000 to 189999 of 440222
2022-09-22 00:36:41,635 | INFO : [OCE] Processing SNPs 190000 to 199999 of 440222
2022-09-22 00:36:47,901 | INFO : [OCE] Processing SNPs 200000 to 209999 of 440222
2022-09-22 00:36:54,683 | INFO : [OCE] Processing SNPs 210000 to 219999 of 440222
2022-09-22 00:37:05,858 | INFO : [OCE] Processing SNPs 220000 to 229999 of 440222
2022-09-22 00:37:07,975 | INFO : [OCE] Processing SNPs 230000 to 239999 of 440222
2022-09-22 00:37:19,611 | INFO : [OCE] Processing SNPs 240000 to 249999 of 440222
2022-09-22 00:37:21,738 | INFO : [OCE] Processing SNPs 250000 to 259999 of 440222
2022-09-22 00:37:27,008 | INFO : [OCE] Processing SNPs 260000 to 269999 of 440222
2022-09-22 00:37:32,656 | INFO : [OCE] Processing SNPs 270000 to 279999 of 440222
2022-09-22 00:37:38,892 | INFO : [OCE] Processing SNPs 280000 to 289999 of 440222
2022-09-22 00:37:45,235 | INFO : [OCE] Processing SNPs 290000 to 299999 of 440222
2022-09-22 00:37:47,372 | INFO : [OCE] Processing SNPs 300000 to 309999 of 440222
2022-09-22 00:37:54,073 | INFO : [OCE] Processing SNPs 310000 to 319999 of 440222
2022-09-22 00:38:00,654 | INFO : [OCE] Processing SNPs 320000 to 329999 of 440222
2022-09-22 00:38:02,797 | INFO : [OCE] Processing SNPs 330000 to 339999 of 440222
2022-09-22 00:38:09,188 | INFO : [OCE] Processing SNPs 340000 to 349999 of 440222
2022-09-22 00:38:15,796 | INFO : [OCE] Processing SNPs 350000 to 359999 of 440222
2022-09-22 00:38:22,649 | INFO : [OCE] Processing SNPs 360000 to 369999 of 440222
2022-09-22 00:38:29,730 | INFO : [OCE] Processing SNPs 370000 to 379999 of 440222
2022-09-22 00:38:31,814 | INFO : [OCE] Processing SNPs 380000 to 389999 of 440222
2022-09-22 00:38:38,061 | INFO : [OCE] Processing SNPs 390000 to 399999 of 440222
2022-09-22 00:38:44,728 | INFO : [OCE] Processing SNPs 400000 to 409999 of 440222
2022-09-22 00:38:51,182 | INFO : [OCE] Processing SNPs 410000 to 419999 of 440222
2022-09-22 00:38:57,654 | INFO : [OCE] Processing SNPs 420000 to 429999 of 440222
2022-09-22 00:38:59,702 | INFO : [OCE] Processing SNPs 430000 to 439999 of 440222
2022-09-22 00:39:05,947 | INFO : [OCE] Processing SNPs 440000 to 440221 of 440222
2022-09-22 00:39:07,641 | INFO : Starting population MSEA
2022-09-22 00:39:07,642 | INFO : [MSEA] Data extraction complete!
2022-09-22 00:39:07,642 | INFO : [MSEA] Processing SNPs 0 to 9999 of 440222
2022-09-22 00:39:11,414 | INFO : [MSEA] Processing SNPs 10000 to 19999 of 440222
2022-09-22 00:39:14,515 | INFO : [MSEA] Processing SNPs 20000 to 29999 of 440222
2022-09-22 00:39:17,336 | INFO : [MSEA] Processing SNPs 30000 to 39999 of 440222
2022-09-22 00:39:22,114 | INFO : [MSEA] Processing SNPs 40000 to 49999 of 440222
2022-09-22 00:39:23,440 | INFO : [MSEA] Processing SNPs 50000 to 59999 of 440222
2022-09-22 00:39:28,306 | INFO : [MSEA] Processing SNPs 60000 to 69999 of 440222
2022-09-22 00:39:33,330 | INFO : [MSEA] Processing SNPs 70000 to 79999 of 440222
2022-09-22 00:39:36,454 | INFO : [MSEA] Processing SNPs 80000 to 89999 of 440222
2022-09-22 00:39:39,583 | INFO : [MSEA] Processing SNPs 90000 to 99999 of 440222
2022-09-22 00:39:42,541 | INFO : [MSEA] Processing SNPs 100000 to 109999 of 440222
2022-09-22 00:39:45,610 | INFO : [MSEA] Processing SNPs 110000 to 119999 of 440222
2022-09-22 00:39:46,800 | INFO : [MSEA] Processing SNPs 120000 to 129999 of 440222
2022-09-22 00:39:49,985 | INFO : [MSEA] Processing SNPs 130000 to 139999 of 440222
2022-09-22 00:39:52,824 | INFO : [MSEA] Processing SNPs 140000 to 149999 of 440222
2022-09-22 00:39:55,836 | INFO : [MSEA] Processing SNPs 150000 to 159999 of 440222
2022-09-22 00:39:57,001 | INFO : [MSEA] Processing SNPs 160000 to 169999 of 440222
2022-09-22 00:39:59,846 | INFO : [MSEA] Processing SNPs 170000 to 179999 of 440222
2022-09-22 00:40:04,564 | INFO : [MSEA] Processing SNPs 180000 to 189999 of 440222
2022-09-22 00:40:05,719 | INFO : [MSEA] Processing SNPs 190000 to 199999 of 440222
2022-09-22 00:40:08,716 | INFO : [MSEA] Processing SNPs 200000 to 209999 of 440222
2022-09-22 00:40:11,743 | INFO : [MSEA] Processing SNPs 210000 to 219999 of 440222
2022-09-22 00:40:16,495 | INFO : [MSEA] Processing SNPs 220000 to 229999 of 440222
2022-09-22 00:40:17,644 | INFO : [MSEA] Processing SNPs 230000 to 239999 of 440222
2022-09-22 00:40:22,480 | INFO : [MSEA] Processing SNPs 240000 to 249999 of 440222
2022-09-22 00:40:23,568 | INFO : [MSEA] Processing SNPs 250000 to 259999 of 440222
2022-09-22 00:40:26,475 | INFO : [MSEA] Processing SNPs 260000 to 269999 of 440222
2022-09-22 00:40:29,893 | INFO : [MSEA] Processing SNPs 270000 to 279999 of 440222
2022-09-22 00:40:32,929 | INFO : [MSEA] Processing SNPs 280000 to 289999 of 440222
2022-09-22 00:40:35,953 | INFO : [MSEA] Processing SNPs 290000 to 299999 of 440222
2022-09-22 00:40:37,117 | INFO : [MSEA] Processing SNPs 300000 to 309999 of 440222
2022-09-22 00:40:39,998 | INFO : [MSEA] Processing SNPs 310000 to 319999 of 440222
2022-09-22 00:40:42,846 | INFO : [MSEA] Processing SNPs 320000 to 329999 of 440222
2022-09-22 00:40:43,984 | INFO : [MSEA] Processing SNPs 330000 to 339999 of 440222
2022-09-22 00:40:46,823 | INFO : [MSEA] Processing SNPs 340000 to 349999 of 440222
2022-09-22 00:40:49,664 | INFO : [MSEA] Processing SNPs 350000 to 359999 of 440222
2022-09-22 00:40:52,625 | INFO : [MSEA] Processing SNPs 360000 to 369999 of 440222
2022-09-22 00:40:55,743 | INFO : [MSEA] Processing SNPs 370000 to 379999 of 440222
2022-09-22 00:40:56,834 | INFO : [MSEA] Processing SNPs 380000 to 389999 of 440222
2022-09-22 00:40:59,703 | INFO : [MSEA] Processing SNPs 390000 to 399999 of 440222
2022-09-22 00:41:02,720 | INFO : [MSEA] Processing SNPs 400000 to 409999 of 440222
2022-09-22 00:41:05,685 | INFO : [MSEA] Processing SNPs 410000 to 419999 of 440222
2022-09-22 00:41:08,832 | INFO : [MSEA] Processing SNPs 420000 to 429999 of 440222
2022-09-22 00:41:10,000 | INFO : [MSEA] Processing SNPs 430000 to 439999 of 440222
2022-09-22 00:41:12,823 | INFO : [MSEA] Processing SNPs 440000 to 440221 of 440222
