2022-09-26 16:14:46,875 | INFO : Starting population AF
2022-09-26 16:14:46,881 | INFO : [AF] Data extraction complete!
2022-09-26 16:14:46,881 | INFO : [AF] Processing SNPs 0 to 9999 of 440222
2022-09-26 16:15:09,360 | INFO : [AF] Processing SNPs 10000 to 19999 of 440222
2022-09-26 16:15:22,566 | INFO : [AF] Processing SNPs 20000 to 29999 of 440222
2022-09-26 16:15:34,837 | INFO : [AF] Processing SNPs 30000 to 39999 of 440222
2022-09-26 16:15:56,260 | INFO : [AF] Processing SNPs 40000 to 49999 of 440222
2022-09-26 16:15:58,083 | INFO : [AF] Processing SNPs 50000 to 59999 of 440222
2022-09-26 16:16:15,411 | INFO : [AF] Processing SNPs 60000 to 69999 of 440222
2022-09-26 16:16:32,630 | INFO : [AF] Processing SNPs 70000 to 79999 of 440222
2022-09-26 16:16:42,754 | INFO : [AF] Processing SNPs 80000 to 89999 of 440222
2022-09-26 16:16:53,476 | INFO : [AF] Processing SNPs 90000 to 99999 of 440222
2022-09-26 16:17:03,934 | INFO : [AF] Processing SNPs 100000 to 109999 of 440222
2022-09-26 16:17:13,643 | INFO : [AF] Processing SNPs 110000 to 119999 of 440222
2022-09-26 16:17:15,732 | INFO : [AF] Processing SNPs 120000 to 129999 of 440222
2022-09-26 16:17:28,100 | INFO : [AF] Processing SNPs 130000 to 139999 of 440222
2022-09-26 16:17:37,532 | INFO : [AF] Processing SNPs 140000 to 149999 of 440222
2022-09-26 16:17:45,601 | INFO : [AF] Processing SNPs 150000 to 159999 of 440222
2022-09-26 16:17:47,517 | INFO : [AF] Processing SNPs 160000 to 169999 of 440222
2022-09-26 16:17:55,577 | INFO : [AF] Processing SNPs 170000 to 179999 of 440222
2022-09-26 16:18:10,191 | INFO : [AF] Processing SNPs 180000 to 189999 of 440222
2022-09-26 16:18:11,946 | INFO : [AF] Processing SNPs 190000 to 199999 of 440222
2022-09-26 16:18:20,533 | INFO : [AF] Processing SNPs 200000 to 209999 of 440222
2022-09-26 16:18:29,184 | INFO : [AF] Processing SNPs 210000 to 219999 of 440222
2022-09-26 16:18:44,332 | INFO : [AF] Processing SNPs 220000 to 229999 of 440222
2022-09-26 16:18:46,556 | INFO : [AF] Processing SNPs 230000 to 239999 of 440222
2022-09-26 16:19:01,202 | INFO : [AF] Processing SNPs 240000 to 249999 of 440222
2022-09-26 16:19:03,082 | INFO : [AF] Processing SNPs 250000 to 259999 of 440222
2022-09-26 16:19:11,265 | INFO : [AF] Processing SNPs 260000 to 269999 of 440222
2022-09-26 16:19:19,812 | INFO : [AF] Processing SNPs 270000 to 279999 of 440222
2022-09-26 16:19:27,793 | INFO : [AF] Processing SNPs 280000 to 289999 of 440222
2022-09-26 16:19:36,859 | INFO : [AF] Processing SNPs 290000 to 299999 of 440222
2022-09-26 16:19:38,733 | INFO : [AF] Processing SNPs 300000 to 309999 of 440222
2022-09-26 16:19:46,530 | INFO : [AF] Processing SNPs 310000 to 319999 of 440222
2022-09-26 16:19:54,306 | INFO : [AF] Processing SNPs 320000 to 329999 of 440222
2022-09-26 16:19:56,320 | INFO : [AF] Processing SNPs 330000 to 339999 of 440222
2022-09-26 16:20:05,730 | INFO : [AF] Processing SNPs 340000 to 349999 of 440222
2022-09-26 16:20:18,010 | INFO : [AF] Processing SNPs 350000 to 359999 of 440222
2022-09-26 16:20:34,805 | INFO : [AF] Processing SNPs 360000 to 369999 of 440222
2022-09-26 16:20:45,597 | INFO : [AF] Processing SNPs 370000 to 379999 of 440222
2022-09-26 16:20:47,606 | INFO : [AF] Processing SNPs 380000 to 389999 of 440222
2022-09-26 16:20:59,456 | INFO : [AF] Processing SNPs 390000 to 399999 of 440222
2022-09-26 16:21:10,654 | INFO : [AF] Processing SNPs 400000 to 409999 of 440222
2022-09-26 16:21:19,985 | INFO : [AF] Processing SNPs 410000 to 419999 of 440222
2022-09-26 16:21:29,692 | INFO : [AF] Processing SNPs 420000 to 429999 of 440222
2022-09-26 16:21:31,629 | INFO : [AF] Processing SNPs 430000 to 439999 of 440222
2022-09-26 16:21:42,124 | INFO : [AF] Processing SNPs 440000 to 440221 of 440222
2022-09-26 16:21:45,718 | INFO : Starting population LAM
2022-09-26 16:21:45,719 | INFO : [LAM] Data extraction complete!
2022-09-26 16:21:45,719 | INFO : [LAM] Processing SNPs 0 to 9999 of 440222
2022-09-26 16:22:01,132 | INFO : [LAM] Processing SNPs 10000 to 19999 of 440222
2022-09-26 16:22:10,319 | INFO : [LAM] Processing SNPs 20000 to 29999 of 440222
2022-09-26 16:22:18,973 | INFO : [LAM] Processing SNPs 30000 to 39999 of 440222
2022-09-26 16:22:34,233 | INFO : [LAM] Processing SNPs 40000 to 49999 of 440222
2022-09-26 16:22:36,550 | INFO : [LAM] Processing SNPs 50000 to 59999 of 440222
2022-09-26 16:22:52,652 | INFO : [LAM] Processing SNPs 60000 to 69999 of 440222
2022-09-26 16:23:11,026 | INFO : [LAM] Processing SNPs 70000 to 79999 of 440222
2022-09-26 16:23:19,288 | INFO : [LAM] Processing SNPs 80000 to 89999 of 440222
2022-09-26 16:23:27,526 | INFO : [LAM] Processing SNPs 90000 to 99999 of 440222
2022-09-26 16:23:35,448 | INFO : [LAM] Processing SNPs 100000 to 109999 of 440222
2022-09-26 16:23:43,982 | INFO : [LAM] Processing SNPs 110000 to 119999 of 440222
2022-09-26 16:23:46,318 | INFO : [LAM] Processing SNPs 120000 to 129999 of 440222
2022-09-26 16:23:54,146 | INFO : [LAM] Processing SNPs 130000 to 139999 of 440222
2022-09-26 16:25:04,573 | INFO : Starting population AF
2022-09-26 16:25:04,573 | INFO : [AF] Data extraction complete!
2022-09-26 16:25:04,573 | INFO : [AF] Processing SNPs 0 to 9999 of 440222
2022-09-26 16:25:30,511 | INFO : [AF] Processing SNPs 10000 to 19999 of 440222
2022-09-26 16:25:42,987 | INFO : [AF] Processing SNPs 20000 to 29999 of 440222
2022-09-26 16:25:55,462 | INFO : [AF] Processing SNPs 30000 to 39999 of 440222
2022-09-26 16:26:16,786 | INFO : [AF] Processing SNPs 40000 to 49999 of 440222
2022-09-26 16:26:18,964 | INFO : [AF] Processing SNPs 50000 to 59999 of 440222
2022-09-26 16:26:35,621 | INFO : [AF] Processing SNPs 60000 to 69999 of 440222
2022-09-26 16:26:56,055 | INFO : [AF] Processing SNPs 70000 to 79999 of 440222
2022-09-26 16:27:05,634 | INFO : [AF] Processing SNPs 80000 to 89999 of 440222
2022-09-26 16:27:17,219 | INFO : [AF] Processing SNPs 90000 to 99999 of 440222
2022-09-26 16:27:32,264 | INFO : [AF] Processing SNPs 100000 to 109999 of 440222
2022-09-26 16:27:44,898 | INFO : [AF] Processing SNPs 110000 to 119999 of 440222
2022-09-26 16:27:46,646 | INFO : [AF] Processing SNPs 120000 to 129999 of 440222
2022-09-26 16:27:58,780 | INFO : [AF] Processing SNPs 130000 to 139999 of 440222
2022-09-26 16:28:09,709 | INFO : [AF] Processing SNPs 140000 to 149999 of 440222
2022-09-26 16:28:22,289 | INFO : [AF] Processing SNPs 150000 to 159999 of 440222
2022-09-26 16:28:24,207 | INFO : [AF] Processing SNPs 160000 to 169999 of 440222
2022-09-26 16:28:36,239 | INFO : [AF] Processing SNPs 170000 to 179999 of 440222
2022-09-26 16:28:54,719 | INFO : [AF] Processing SNPs 180000 to 189999 of 440222
2022-09-26 16:28:57,712 | INFO : [AF] Processing SNPs 190000 to 199999 of 440222
2022-09-26 16:29:07,246 | INFO : [AF] Processing SNPs 200000 to 209999 of 440222
2022-09-26 16:29:18,885 | INFO : [AF] Processing SNPs 210000 to 219999 of 440222
2022-09-26 16:29:37,455 | INFO : [AF] Processing SNPs 220000 to 229999 of 440222
2022-09-26 16:29:39,441 | INFO : [AF] Processing SNPs 230000 to 239999 of 440222
2022-09-26 16:29:55,011 | INFO : [AF] Processing SNPs 240000 to 249999 of 440222
2022-09-26 16:29:56,874 | INFO : [AF] Processing SNPs 250000 to 259999 of 440222
2022-09-26 16:30:05,994 | INFO : [AF] Processing SNPs 260000 to 269999 of 440222
2022-09-26 16:30:14,773 | INFO : [AF] Processing SNPs 270000 to 279999 of 440222
2022-09-26 16:30:23,731 | INFO : [AF] Processing SNPs 280000 to 289999 of 440222
2022-09-26 16:30:32,603 | INFO : [AF] Processing SNPs 290000 to 299999 of 440222
2022-09-26 16:30:34,526 | INFO : [AF] Processing SNPs 300000 to 309999 of 440222
2022-09-26 16:30:43,690 | INFO : [AF] Processing SNPs 310000 to 319999 of 440222
2022-09-26 16:30:53,274 | INFO : [AF] Processing SNPs 320000 to 329999 of 440222
2022-09-26 16:30:55,453 | INFO : [AF] Processing SNPs 330000 to 339999 of 440222
2022-09-26 16:31:03,143 | INFO : [AF] Processing SNPs 340000 to 349999 of 440222
2022-09-26 16:31:11,265 | INFO : [AF] Processing SNPs 350000 to 359999 of 440222
2022-09-26 16:31:20,444 | INFO : [AF] Processing SNPs 360000 to 369999 of 440222
2022-09-26 16:31:28,573 | INFO : [AF] Processing SNPs 370000 to 379999 of 440222
2022-09-26 16:31:30,380 | INFO : [AF] Processing SNPs 380000 to 389999 of 440222
2022-09-26 16:31:37,654 | INFO : [AF] Processing SNPs 390000 to 399999 of 440222
2022-09-26 16:31:45,831 | INFO : [AF] Processing SNPs 400000 to 409999 of 440222
2022-09-26 16:31:53,957 | INFO : [AF] Processing SNPs 410000 to 419999 of 440222
2022-09-26 16:32:02,130 | INFO : [AF] Processing SNPs 420000 to 429999 of 440222
2022-09-26 16:32:03,758 | INFO : [AF] Processing SNPs 430000 to 439999 of 440222
2022-09-26 16:32:11,274 | INFO : [AF] Processing SNPs 440000 to 440221 of 440222
2022-09-26 16:49:23,969 | INFO : Starting population AF
2022-09-26 16:49:23,970 | INFO : [AF] Data extraction complete!
2022-09-26 16:49:23,970 | INFO : [AF] Processing SNPs 0 to 9999 of 440222
2022-09-26 16:49:44,305 | INFO : [AF] Processing SNPs 10000 to 19999 of 440222
2022-09-26 16:49:56,022 | INFO : [AF] Processing SNPs 20000 to 29999 of 440222
2022-09-26 16:50:06,328 | INFO : [AF] Processing SNPs 30000 to 39999 of 440222
2022-09-26 16:50:26,910 | INFO : [AF] Processing SNPs 40000 to 49999 of 440222
2022-09-26 16:50:28,919 | INFO : [AF] Processing SNPs 50000 to 59999 of 440222
2022-09-26 16:50:48,163 | INFO : [AF] Processing SNPs 60000 to 69999 of 440222
2022-09-26 16:51:11,027 | INFO : [AF] Processing SNPs 70000 to 79999 of 440222
2022-09-26 16:51:20,556 | INFO : [AF] Processing SNPs 80000 to 89999 of 440222
2022-09-26 16:51:30,657 | INFO : [AF] Processing SNPs 90000 to 99999 of 440222
2022-09-26 16:51:39,355 | INFO : [AF] Processing SNPs 100000 to 109999 of 440222
2022-09-26 16:51:48,730 | INFO : [AF] Processing SNPs 110000 to 119999 of 440222
2022-09-26 16:51:50,496 | INFO : [AF] Processing SNPs 120000 to 129999 of 440222
2022-09-26 16:51:58,964 | INFO : [AF] Processing SNPs 130000 to 139999 of 440222
2022-09-26 16:52:12,681 | INFO : [AF] Processing SNPs 140000 to 149999 of 440222
2022-09-26 16:52:25,404 | INFO : [AF] Processing SNPs 150000 to 159999 of 440222
2022-09-26 16:52:27,227 | INFO : [AF] Processing SNPs 160000 to 169999 of 440222
2022-09-26 16:52:37,947 | INFO : [AF] Processing SNPs 170000 to 179999 of 440222
2022-09-26 16:53:01,112 | INFO : [AF] Processing SNPs 180000 to 189999 of 440222
2022-09-26 16:53:02,818 | INFO : [AF] Processing SNPs 190000 to 199999 of 440222
2022-09-26 16:53:11,851 | INFO : [AF] Processing SNPs 200000 to 209999 of 440222
2022-09-26 16:53:21,562 | INFO : [AF] Processing SNPs 210000 to 219999 of 440222
2022-09-26 16:53:37,476 | INFO : [AF] Processing SNPs 220000 to 229999 of 440222
2022-09-26 16:53:39,796 | INFO : [AF] Processing SNPs 230000 to 239999 of 440222
2022-09-26 16:53:52,650 | INFO : [AF] Processing SNPs 240000 to 249999 of 440222
2022-09-26 16:53:54,601 | INFO : [AF] Processing SNPs 250000 to 259999 of 440222
2022-09-26 16:54:02,302 | INFO : [AF] Processing SNPs 260000 to 269999 of 440222
2022-09-26 16:54:10,798 | INFO : [AF] Processing SNPs 270000 to 279999 of 440222
2022-09-26 16:54:18,650 | INFO : [AF] Processing SNPs 280000 to 289999 of 440222
2022-09-26 16:54:26,278 | INFO : [AF] Processing SNPs 290000 to 299999 of 440222
2022-09-26 16:54:28,474 | INFO : [AF] Processing SNPs 300000 to 309999 of 440222
2022-09-26 16:54:35,280 | INFO : [AF] Processing SNPs 310000 to 319999 of 440222
2022-09-26 16:54:43,354 | INFO : [AF] Processing SNPs 320000 to 329999 of 440222
2022-09-26 16:54:45,194 | INFO : [AF] Processing SNPs 330000 to 339999 of 440222
2022-09-26 16:54:52,936 | INFO : [AF] Processing SNPs 340000 to 349999 of 440222
2022-09-26 16:55:01,399 | INFO : [AF] Processing SNPs 350000 to 359999 of 440222
2022-09-26 16:55:28,972 | INFO : [AF] Processing SNPs 360000 to 369999 of 440222
2022-09-26 16:55:40,596 | INFO : [AF] Processing SNPs 370000 to 379999 of 440222
2022-09-26 16:55:42,228 | INFO : [AF] Processing SNPs 380000 to 389999 of 440222
2022-09-26 16:55:51,963 | INFO : [AF] Processing SNPs 390000 to 399999 of 440222
2022-09-26 16:56:04,060 | INFO : [AF] Processing SNPs 400000 to 409999 of 440222
2022-09-26 16:56:16,582 | INFO : [AF] Processing SNPs 410000 to 419999 of 440222
2022-09-26 16:56:29,185 | INFO : [AF] Processing SNPs 420000 to 429999 of 440222
2022-09-26 16:56:31,033 | INFO : [AF] Processing SNPs 430000 to 439999 of 440222
2022-09-26 16:56:40,881 | INFO : [AF] Processing SNPs 440000 to 440221 of 440222
