2022-09-23 00:28:00,966 | INFO : Starting population AF
2022-09-23 00:28:01,020 | INFO : [AF] Data extraction complete!
2022-09-23 00:28:01,020 | INFO : [AF] Processing SNPs 0 to 9999 of 440222
2022-09-23 00:28:09,917 | INFO : [AF] Processing SNPs 10000 to 19999 of 440222
2022-09-23 00:28:17,316 | INFO : [AF] Processing SNPs 20000 to 29999 of 440222
2022-09-23 00:28:24,146 | INFO : [AF] Processing SNPs 30000 to 39999 of 440222
2022-09-23 00:28:39,315 | INFO : [AF] Processing SNPs 40000 to 49999 of 440222
2022-09-23 00:28:40,577 | INFO : [AF] Processing SNPs 50000 to 59999 of 440222
2022-09-23 00:28:55,418 | INFO : [AF] Processing SNPs 60000 to 69999 of 440222
2022-09-23 00:29:09,591 | INFO : [AF] Processing SNPs 70000 to 79999 of 440222
2022-09-23 00:29:17,765 | INFO : [AF] Processing SNPs 80000 to 89999 of 440222
2022-09-23 00:29:25,175 | INFO : [AF] Processing SNPs 90000 to 99999 of 440222
2022-09-23 00:29:32,380 | INFO : [AF] Processing SNPs 100000 to 109999 of 440222
2022-09-23 00:29:39,375 | INFO : [AF] Processing SNPs 110000 to 119999 of 440222
2022-09-23 00:29:40,609 | INFO : [AF] Processing SNPs 120000 to 129999 of 440222
2022-09-23 00:29:48,469 | INFO : [AF] Processing SNPs 130000 to 139999 of 440222
2022-09-23 00:29:56,331 | INFO : [AF] Processing SNPs 140000 to 149999 of 440222
2022-09-23 00:30:04,255 | INFO : [AF] Processing SNPs 150000 to 159999 of 440222
2022-09-23 00:30:05,533 | INFO : [AF] Processing SNPs 160000 to 169999 of 440222
2022-09-23 00:30:12,684 | INFO : [AF] Processing SNPs 170000 to 179999 of 440222
2022-09-23 00:30:26,281 | INFO : [AF] Processing SNPs 180000 to 189999 of 440222
2022-09-23 00:30:27,529 | INFO : [AF] Processing SNPs 190000 to 199999 of 440222
2022-09-23 00:30:34,962 | INFO : [AF] Processing SNPs 200000 to 209999 of 440222
2022-09-23 00:30:42,503 | INFO : [AF] Processing SNPs 210000 to 219999 of 440222
2022-09-23 00:30:56,355 | INFO : [AF] Processing SNPs 220000 to 229999 of 440222
2022-09-23 00:30:57,601 | INFO : [AF] Processing SNPs 230000 to 239999 of 440222
2022-09-23 00:31:11,446 | INFO : [AF] Processing SNPs 240000 to 249999 of 440222
2022-09-23 00:31:12,614 | INFO : [AF] Processing SNPs 250000 to 259999 of 440222
2022-09-23 00:31:20,191 | INFO : [AF] Processing SNPs 260000 to 269999 of 440222
2022-09-23 00:31:29,292 | INFO : [AF] Processing SNPs 270000 to 279999 of 440222
2022-09-23 00:31:37,147 | INFO : [AF] Processing SNPs 280000 to 289999 of 440222
2022-09-23 00:31:44,653 | INFO : [AF] Processing SNPs 290000 to 299999 of 440222
2022-09-23 00:31:45,944 | INFO : [AF] Processing SNPs 300000 to 309999 of 440222
2022-09-23 00:31:53,566 | INFO : [AF] Processing SNPs 310000 to 319999 of 440222
2022-09-23 00:32:00,510 | INFO : [AF] Processing SNPs 320000 to 329999 of 440222
2022-09-23 00:32:01,693 | INFO : [AF] Processing SNPs 330000 to 339999 of 440222
2022-09-23 00:32:08,463 | INFO : [AF] Processing SNPs 340000 to 349999 of 440222
2022-09-23 00:32:15,368 | INFO : [AF] Processing SNPs 350000 to 359999 of 440222
2022-09-23 00:32:22,798 | INFO : [AF] Processing SNPs 360000 to 369999 of 440222
2022-09-23 00:32:29,851 | INFO : [AF] Processing SNPs 370000 to 379999 of 440222
2022-09-23 00:32:31,085 | INFO : [AF] Processing SNPs 380000 to 389999 of 440222
2022-09-23 00:32:38,035 | INFO : [AF] Processing SNPs 390000 to 399999 of 440222
2022-09-23 00:32:45,327 | INFO : [AF] Processing SNPs 400000 to 409999 of 440222
2022-09-23 00:32:52,425 | INFO : [AF] Processing SNPs 410000 to 419999 of 440222
2022-09-23 00:32:59,330 | INFO : [AF] Processing SNPs 420000 to 429999 of 440222
2022-09-23 00:33:00,572 | INFO : [AF] Processing SNPs 430000 to 439999 of 440222
2022-09-23 00:33:07,526 | INFO : [AF] Processing SNPs 440000 to 440221 of 440222
2022-09-23 00:33:08,604 | INFO : Starting population LAM
2022-09-23 00:33:08,605 | INFO : [LAM] Data extraction complete!
2022-09-23 00:33:08,605 | INFO : [LAM] Processing SNPs 0 to 9999 of 440222
2022-09-23 00:33:19,650 | INFO : [LAM] Processing SNPs 10000 to 19999 of 440222
2022-09-23 00:33:27,509 | INFO : [LAM] Processing SNPs 20000 to 29999 of 440222
2022-09-23 00:33:34,967 | INFO : [LAM] Processing SNPs 30000 to 39999 of 440222
2022-09-23 00:33:48,511 | INFO : [LAM] Processing SNPs 40000 to 49999 of 440222
2022-09-23 00:33:50,272 | INFO : [LAM] Processing SNPs 50000 to 59999 of 440222
2022-09-23 00:34:03,234 | INFO : [LAM] Processing SNPs 60000 to 69999 of 440222
2022-09-23 00:34:17,111 | INFO : [LAM] Processing SNPs 70000 to 79999 of 440222
2022-09-23 00:34:24,152 | INFO : [LAM] Processing SNPs 80000 to 89999 of 440222
2022-09-23 00:34:31,717 | INFO : [LAM] Processing SNPs 90000 to 99999 of 440222
2022-09-23 00:34:39,570 | INFO : [LAM] Processing SNPs 100000 to 109999 of 440222
2022-09-23 00:34:46,706 | INFO : [LAM] Processing SNPs 110000 to 119999 of 440222
2022-09-23 00:34:48,626 | INFO : [LAM] Processing SNPs 120000 to 129999 of 440222
2022-09-23 00:34:56,491 | INFO : [LAM] Processing SNPs 130000 to 139999 of 440222
2022-09-23 00:35:03,546 | INFO : [LAM] Processing SNPs 140000 to 149999 of 440222
2022-09-23 00:35:11,055 | INFO : [LAM] Processing SNPs 150000 to 159999 of 440222
2022-09-23 00:35:12,930 | INFO : [LAM] Processing SNPs 160000 to 169999 of 440222
2022-09-23 00:35:20,065 | INFO : [LAM] Processing SNPs 170000 to 179999 of 440222
2022-09-23 00:35:32,819 | INFO : [LAM] Processing SNPs 180000 to 189999 of 440222
2022-09-23 00:35:34,840 | INFO : [LAM] Processing SNPs 190000 to 199999 of 440222
2022-09-23 00:35:42,532 | INFO : [LAM] Processing SNPs 200000 to 209999 of 440222
2022-09-23 00:35:49,842 | INFO : [LAM] Processing SNPs 210000 to 219999 of 440222
2022-09-23 00:36:03,175 | INFO : [LAM] Processing SNPs 220000 to 229999 of 440222
2022-09-23 00:36:04,963 | INFO : [LAM] Processing SNPs 230000 to 239999 of 440222
2022-09-23 00:36:18,509 | INFO : [LAM] Processing SNPs 240000 to 249999 of 440222
2022-09-23 00:36:20,153 | INFO : [LAM] Processing SNPs 250000 to 259999 of 440222
2022-09-23 00:36:27,802 | INFO : [LAM] Processing SNPs 260000 to 269999 of 440222
2022-09-23 00:36:36,196 | INFO : [LAM] Processing SNPs 270000 to 279999 of 440222
2022-09-23 00:36:43,745 | INFO : [LAM] Processing SNPs 280000 to 289999 of 440222
2022-09-23 00:36:51,154 | INFO : [LAM] Processing SNPs 290000 to 299999 of 440222
2022-09-23 00:36:53,014 | INFO : [LAM] Processing SNPs 300000 to 309999 of 440222
2022-09-23 00:37:00,476 | INFO : [LAM] Processing SNPs 310000 to 319999 of 440222
2022-09-23 00:37:07,622 | INFO : [LAM] Processing SNPs 320000 to 329999 of 440222
2022-09-23 00:37:09,426 | INFO : [LAM] Processing SNPs 330000 to 339999 of 440222
2022-09-23 00:37:16,458 | INFO : [LAM] Processing SNPs 340000 to 349999 of 440222
2022-09-23 00:37:23,389 | INFO : [LAM] Processing SNPs 350000 to 359999 of 440222
2022-09-23 00:37:30,621 | INFO : [LAM] Processing SNPs 360000 to 369999 of 440222
2022-09-23 00:37:37,618 | INFO : [LAM] Processing SNPs 370000 to 379999 of 440222
2022-09-23 00:37:39,300 | INFO : [LAM] Processing SNPs 380000 to 389999 of 440222
2022-09-23 00:37:46,795 | INFO : [LAM] Processing SNPs 390000 to 399999 of 440222
2022-09-23 00:37:54,162 | INFO : [LAM] Processing SNPs 400000 to 409999 of 440222
2022-09-23 00:38:01,509 | INFO : [LAM] Processing SNPs 410000 to 419999 of 440222
2022-09-23 00:38:09,118 | INFO : [LAM] Processing SNPs 420000 to 429999 of 440222
2022-09-23 00:38:10,799 | INFO : [LAM] Processing SNPs 430000 to 439999 of 440222
2022-09-23 00:38:17,902 | INFO : [LAM] Processing SNPs 440000 to 440221 of 440222
2022-09-23 00:38:19,589 | INFO : Starting population ESEA
2022-09-23 00:38:19,589 | INFO : [ESEA] Data extraction complete!
2022-09-23 00:38:19,589 | INFO : [ESEA] Processing SNPs 0 to 9999 of 440222
2022-09-23 00:38:35,308 | INFO : [ESEA] Processing SNPs 10000 to 19999 of 440222
2022-09-23 00:38:46,371 | INFO : [ESEA] Processing SNPs 20000 to 29999 of 440222
2022-09-23 00:38:56,710 | INFO : [ESEA] Processing SNPs 30000 to 39999 of 440222
2022-09-23 00:39:13,755 | INFO : [ESEA] Processing SNPs 40000 to 49999 of 440222
2022-09-23 00:39:16,110 | INFO : [ESEA] Processing SNPs 50000 to 59999 of 440222
2022-09-23 00:39:33,054 | INFO : [ESEA] Processing SNPs 60000 to 69999 of 440222
2022-09-23 00:39:50,450 | INFO : [ESEA] Processing SNPs 70000 to 79999 of 440222
2022-09-23 00:39:59,538 | INFO : [ESEA] Processing SNPs 80000 to 89999 of 440222
2022-09-23 00:40:10,052 | INFO : [ESEA] Processing SNPs 90000 to 99999 of 440222
2022-09-23 00:40:19,226 | INFO : [ESEA] Processing SNPs 100000 to 109999 of 440222
2022-09-23 00:40:27,733 | INFO : [ESEA] Processing SNPs 110000 to 119999 of 440222
2022-09-23 00:40:30,065 | INFO : [ESEA] Processing SNPs 120000 to 129999 of 440222
2022-09-23 00:40:40,175 | INFO : [ESEA] Processing SNPs 130000 to 139999 of 440222
2022-09-23 00:40:49,727 | INFO : [ESEA] Processing SNPs 140000 to 149999 of 440222
2022-09-23 00:40:58,684 | INFO : [ESEA] Processing SNPs 150000 to 159999 of 440222
2022-09-23 00:41:01,211 | INFO : [ESEA] Processing SNPs 160000 to 169999 of 440222
2022-09-23 00:41:10,271 | INFO : [ESEA] Processing SNPs 170000 to 179999 of 440222
2022-09-23 00:41:26,313 | INFO : [ESEA] Processing SNPs 180000 to 189999 of 440222
2022-09-23 00:41:28,545 | INFO : [ESEA] Processing SNPs 190000 to 199999 of 440222
2022-09-23 00:41:37,993 | INFO : [ESEA] Processing SNPs 200000 to 209999 of 440222
2022-09-23 00:41:47,257 | INFO : [ESEA] Processing SNPs 210000 to 219999 of 440222
2022-09-23 00:42:03,993 | INFO : [ESEA] Processing SNPs 220000 to 229999 of 440222
2022-09-23 00:42:06,433 | INFO : [ESEA] Processing SNPs 230000 to 239999 of 440222
2022-09-23 00:42:23,054 | INFO : [ESEA] Processing SNPs 240000 to 249999 of 440222
2022-09-23 00:42:25,259 | INFO : [ESEA] Processing SNPs 250000 to 259999 of 440222
2022-09-23 00:42:34,934 | INFO : [ESEA] Processing SNPs 260000 to 269999 of 440222
2022-09-23 00:42:45,425 | INFO : [ESEA] Processing SNPs 270000 to 279999 of 440222
2022-09-23 00:42:55,372 | INFO : [ESEA] Processing SNPs 280000 to 289999 of 440222
2022-09-23 00:43:04,837 | INFO : [ESEA] Processing SNPs 290000 to 299999 of 440222
2022-09-23 00:43:07,292 | INFO : [ESEA] Processing SNPs 300000 to 309999 of 440222
2022-09-23 00:43:16,928 | INFO : [ESEA] Processing SNPs 310000 to 319999 of 440222
2022-09-23 00:43:25,594 | INFO : [ESEA] Processing SNPs 320000 to 329999 of 440222
2022-09-23 00:43:27,833 | INFO : [ESEA] Processing SNPs 330000 to 339999 of 440222
2022-09-23 00:43:37,340 | INFO : [ESEA] Processing SNPs 340000 to 349999 of 440222
2022-09-23 00:43:46,486 | INFO : [ESEA] Processing SNPs 350000 to 359999 of 440222
2022-09-23 00:43:56,415 | INFO : [ESEA] Processing SNPs 360000 to 369999 of 440222
2022-09-23 00:44:06,354 | INFO : [ESEA] Processing SNPs 370000 to 379999 of 440222
2022-09-23 00:44:08,543 | INFO : [ESEA] Processing SNPs 380000 to 389999 of 440222
2022-09-23 00:44:18,039 | INFO : [ESEA] Processing SNPs 390000 to 399999 of 440222
2022-09-23 00:44:26,617 | INFO : [ESEA] Processing SNPs 400000 to 409999 of 440222
2022-09-23 00:44:35,789 | INFO : [ESEA] Processing SNPs 410000 to 419999 of 440222
2022-09-23 00:44:45,257 | INFO : [ESEA] Processing SNPs 420000 to 429999 of 440222
2022-09-23 00:44:47,718 | INFO : [ESEA] Processing SNPs 430000 to 439999 of 440222
2022-09-23 00:44:57,714 | INFO : [ESEA] Processing SNPs 440000 to 440221 of 440222
2022-09-23 00:44:59,812 | INFO : Starting population WAS
2022-09-23 00:44:59,812 | INFO : [WAS] Data extraction complete!
2022-09-23 00:44:59,812 | INFO : [WAS] Processing SNPs 0 to 9999 of 440222
2022-09-23 00:45:05,768 | INFO : [WAS] Processing SNPs 10000 to 19999 of 440222
2022-09-23 00:45:09,526 | INFO : [WAS] Processing SNPs 20000 to 29999 of 440222
2022-09-23 00:45:13,018 | INFO : [WAS] Processing SNPs 30000 to 39999 of 440222
2022-09-23 00:45:19,226 | INFO : [WAS] Processing SNPs 40000 to 49999 of 440222
2022-09-23 00:45:20,065 | INFO : [WAS] Processing SNPs 50000 to 59999 of 440222
2022-09-23 00:45:26,016 | INFO : [WAS] Processing SNPs 60000 to 69999 of 440222
2022-09-23 00:45:32,719 | INFO : [WAS] Processing SNPs 70000 to 79999 of 440222
2022-09-23 00:45:36,639 | INFO : [WAS] Processing SNPs 80000 to 89999 of 440222
2022-09-23 00:45:40,265 | INFO : [WAS] Processing SNPs 90000 to 99999 of 440222
2022-09-23 00:45:43,759 | INFO : [WAS] Processing SNPs 100000 to 109999 of 440222
2022-09-23 00:45:47,421 | INFO : [WAS] Processing SNPs 110000 to 119999 of 440222
2022-09-23 00:45:48,286 | INFO : [WAS] Processing SNPs 120000 to 129999 of 440222
2022-09-23 00:45:52,138 | INFO : [WAS] Processing SNPs 130000 to 139999 of 440222
2022-09-23 00:45:55,895 | INFO : [WAS] Processing SNPs 140000 to 149999 of 440222
2022-09-23 00:45:59,483 | INFO : [WAS] Processing SNPs 150000 to 159999 of 440222
2022-09-23 00:46:00,441 | INFO : [WAS] Processing SNPs 160000 to 169999 of 440222
2022-09-23 00:46:04,317 | INFO : [WAS] Processing SNPs 170000 to 179999 of 440222
2022-09-23 00:46:10,559 | INFO : [WAS] Processing SNPs 180000 to 189999 of 440222
2022-09-23 00:46:11,451 | INFO : [WAS] Processing SNPs 190000 to 199999 of 440222
2022-09-23 00:46:15,052 | INFO : [WAS] Processing SNPs 200000 to 209999 of 440222
2022-09-23 00:46:18,809 | INFO : [WAS] Processing SNPs 210000 to 219999 of 440222
2022-09-23 00:46:25,866 | INFO : [WAS] Processing SNPs 220000 to 229999 of 440222
2022-09-23 00:46:26,748 | INFO : [WAS] Processing SNPs 230000 to 239999 of 440222
2022-09-23 00:46:32,961 | INFO : [WAS] Processing SNPs 240000 to 249999 of 440222
2022-09-23 00:46:33,870 | INFO : [WAS] Processing SNPs 250000 to 259999 of 440222
2022-09-23 00:46:37,732 | INFO : [WAS] Processing SNPs 260000 to 269999 of 440222
2022-09-23 00:46:41,275 | INFO : [WAS] Processing SNPs 270000 to 279999 of 440222
2022-09-23 00:46:45,467 | INFO : [WAS] Processing SNPs 280000 to 289999 of 440222
2022-09-23 00:46:49,595 | INFO : [WAS] Processing SNPs 290000 to 299999 of 440222
2022-09-23 00:46:50,448 | INFO : [WAS] Processing SNPs 300000 to 309999 of 440222
2022-09-23 00:46:54,002 | INFO : [WAS] Processing SNPs 310000 to 319999 of 440222
2022-09-23 00:46:58,079 | INFO : [WAS] Processing SNPs 320000 to 329999 of 440222
2022-09-23 00:46:58,950 | INFO : [WAS] Processing SNPs 330000 to 339999 of 440222
2022-09-23 00:47:02,633 | INFO : [WAS] Processing SNPs 340000 to 349999 of 440222
2022-09-23 00:47:06,211 | INFO : [WAS] Processing SNPs 350000 to 359999 of 440222
2022-09-23 00:47:10,777 | INFO : [WAS] Processing SNPs 360000 to 369999 of 440222
2022-09-23 00:47:14,998 | INFO : [WAS] Processing SNPs 370000 to 379999 of 440222
2022-09-23 00:47:15,884 | INFO : [WAS] Processing SNPs 380000 to 389999 of 440222
2022-09-23 00:47:19,464 | INFO : [WAS] Processing SNPs 390000 to 399999 of 440222
2022-09-23 00:47:23,279 | INFO : [WAS] Processing SNPs 400000 to 409999 of 440222
2022-09-23 00:47:27,516 | INFO : [WAS] Processing SNPs 410000 to 419999 of 440222
2022-09-23 00:47:31,813 | INFO : [WAS] Processing SNPs 420000 to 429999 of 440222
2022-09-23 00:47:32,691 | INFO : [WAS] Processing SNPs 430000 to 439999 of 440222
2022-09-23 00:47:36,424 | INFO : [WAS] Processing SNPs 440000 to 440221 of 440222
2022-09-23 00:47:37,196 | INFO : Starting population unassigned
2022-09-23 00:47:37,197 | INFO : [unassigned] Data extraction complete!
2022-09-23 00:47:37,197 | INFO : [unassigned] Processing SNPs 0 to 9999 of 440222
2022-09-23 00:47:39,695 | INFO : [unassigned] Processing SNPs 10000 to 19999 of 440222
2022-09-23 00:47:41,775 | INFO : [unassigned] Processing SNPs 20000 to 29999 of 440222
2022-09-23 00:47:44,057 | INFO : [unassigned] Processing SNPs 30000 to 39999 of 440222
2022-09-23 00:47:47,361 | INFO : [unassigned] Processing SNPs 40000 to 49999 of 440222
2022-09-23 00:47:48,269 | INFO : [unassigned] Processing SNPs 50000 to 59999 of 440222
2022-09-23 00:47:51,565 | INFO : [unassigned] Processing SNPs 60000 to 69999 of 440222
2022-09-23 00:47:55,078 | INFO : [unassigned] Processing SNPs 70000 to 79999 of 440222
2022-09-23 00:47:57,546 | INFO : [unassigned] Processing SNPs 80000 to 89999 of 440222
2022-09-23 00:47:59,668 | INFO : [unassigned] Processing SNPs 90000 to 99999 of 440222
2022-09-23 00:48:02,103 | INFO : [unassigned] Processing SNPs 100000 to 109999 of 440222
2022-09-23 00:48:04,200 | INFO : [unassigned] Processing SNPs 110000 to 119999 of 440222
2022-09-23 00:48:05,344 | INFO : [unassigned] Processing SNPs 120000 to 129999 of 440222
2022-09-23 00:48:07,756 | INFO : [unassigned] Processing SNPs 130000 to 139999 of 440222
2022-09-23 00:48:09,830 | INFO : [unassigned] Processing SNPs 140000 to 149999 of 440222
2022-09-23 00:48:11,953 | INFO : [unassigned] Processing SNPs 150000 to 159999 of 440222
2022-09-23 00:48:12,839 | INFO : [unassigned] Processing SNPs 160000 to 169999 of 440222
2022-09-23 00:48:14,898 | INFO : [unassigned] Processing SNPs 170000 to 179999 of 440222
2022-09-23 00:48:18,158 | INFO : [unassigned] Processing SNPs 180000 to 189999 of 440222
2022-09-23 00:48:19,265 | INFO : [unassigned] Processing SNPs 190000 to 199999 of 440222
2022-09-23 00:48:21,635 | INFO : [unassigned] Processing SNPs 200000 to 209999 of 440222
2022-09-23 00:48:24,116 | INFO : [unassigned] Processing SNPs 210000 to 219999 of 440222
2022-09-23 00:48:27,720 | INFO : [unassigned] Processing SNPs 220000 to 229999 of 440222
2022-09-23 00:48:28,926 | INFO : [unassigned] Processing SNPs 230000 to 239999 of 440222
2022-09-23 00:48:32,578 | INFO : [unassigned] Processing SNPs 240000 to 249999 of 440222
2022-09-23 00:48:33,481 | INFO : [unassigned] Processing SNPs 250000 to 259999 of 440222
2022-09-23 00:48:35,791 | INFO : [unassigned] Processing SNPs 260000 to 269999 of 440222
2022-09-23 00:48:37,963 | INFO : [unassigned] Processing SNPs 270000 to 279999 of 440222
2022-09-23 00:48:40,106 | INFO : [unassigned] Processing SNPs 280000 to 289999 of 440222
2022-09-23 00:48:42,293 | INFO : [unassigned] Processing SNPs 290000 to 299999 of 440222
2022-09-23 00:48:43,468 | INFO : [unassigned] Processing SNPs 300000 to 309999 of 440222
2022-09-23 00:48:45,874 | INFO : [unassigned] Processing SNPs 310000 to 319999 of 440222
2022-09-23 00:48:47,974 | INFO : [unassigned] Processing SNPs 320000 to 329999 of 440222
2022-09-23 00:48:49,094 | INFO : [unassigned] Processing SNPs 330000 to 339999 of 440222
2022-09-23 00:48:51,371 | INFO : [unassigned] Processing SNPs 340000 to 349999 of 440222
2022-09-23 00:48:53,554 | INFO : [unassigned] Processing SNPs 350000 to 359999 of 440222
2022-09-23 00:48:55,668 | INFO : [unassigned] Processing SNPs 360000 to 369999 of 440222
2022-09-23 00:48:57,885 | INFO : [unassigned] Processing SNPs 370000 to 379999 of 440222
2022-09-23 00:48:59,105 | INFO : [unassigned] Processing SNPs 380000 to 389999 of 440222
2022-09-23 00:49:01,455 | INFO : [unassigned] Processing SNPs 390000 to 399999 of 440222
2022-09-23 00:49:03,857 | INFO : [unassigned] Processing SNPs 400000 to 409999 of 440222
2022-09-23 00:49:06,266 | INFO : [unassigned] Processing SNPs 410000 to 419999 of 440222
2022-09-23 00:49:08,860 | INFO : [unassigned] Processing SNPs 420000 to 429999 of 440222
2022-09-23 00:49:10,025 | INFO : [unassigned] Processing SNPs 430000 to 439999 of 440222
2022-09-23 00:49:12,100 | INFO : [unassigned] Processing SNPs 440000 to 440221 of 440222
2022-09-23 00:49:13,106 | INFO : Starting population WSEA
2022-09-23 00:49:13,106 | INFO : [WSEA] Data extraction complete!
2022-09-23 00:49:13,107 | INFO : [WSEA] Processing SNPs 0 to 9999 of 440222
2022-09-23 00:49:15,459 | INFO : [WSEA] Processing SNPs 10000 to 19999 of 440222
2022-09-23 00:49:17,448 | INFO : [WSEA] Processing SNPs 20000 to 29999 of 440222
2022-09-23 00:49:19,660 | INFO : [WSEA] Processing SNPs 30000 to 39999 of 440222
2022-09-23 00:49:22,753 | INFO : [WSEA] Processing SNPs 40000 to 49999 of 440222
2022-09-23 00:49:23,662 | INFO : [WSEA] Processing SNPs 50000 to 59999 of 440222
2022-09-23 00:49:26,951 | INFO : [WSEA] Processing SNPs 60000 to 69999 of 440222
2022-09-23 00:49:30,080 | INFO : [WSEA] Processing SNPs 70000 to 79999 of 440222
2022-09-23 00:49:32,093 | INFO : [WSEA] Processing SNPs 80000 to 89999 of 440222
2022-09-23 00:49:34,113 | INFO : [WSEA] Processing SNPs 90000 to 99999 of 440222
2022-09-23 00:49:36,356 | INFO : [WSEA] Processing SNPs 100000 to 109999 of 440222
2022-09-23 00:49:38,327 | INFO : [WSEA] Processing SNPs 110000 to 119999 of 440222
2022-09-23 00:49:39,175 | INFO : [WSEA] Processing SNPs 120000 to 129999 of 440222
2022-09-23 00:49:41,157 | INFO : [WSEA] Processing SNPs 130000 to 139999 of 440222
2022-09-23 00:49:43,279 | INFO : [WSEA] Processing SNPs 140000 to 149999 of 440222
2022-09-23 00:49:45,393 | INFO : [WSEA] Processing SNPs 150000 to 159999 of 440222
2022-09-23 00:49:46,265 | INFO : [WSEA] Processing SNPs 160000 to 169999 of 440222
2022-09-23 00:49:48,247 | INFO : [WSEA] Processing SNPs 170000 to 179999 of 440222
2022-09-23 00:49:51,316 | INFO : [WSEA] Processing SNPs 180000 to 189999 of 440222
2022-09-23 00:49:52,257 | INFO : [WSEA] Processing SNPs 190000 to 199999 of 440222
2022-09-23 00:49:54,221 | INFO : [WSEA] Processing SNPs 200000 to 209999 of 440222
2022-09-23 00:49:56,217 | INFO : [WSEA] Processing SNPs 210000 to 219999 of 440222
2022-09-23 00:49:59,643 | INFO : [WSEA] Processing SNPs 220000 to 229999 of 440222
2022-09-23 00:50:00,855 | INFO : [WSEA] Processing SNPs 230000 to 239999 of 440222
2022-09-23 00:50:04,285 | INFO : [WSEA] Processing SNPs 240000 to 249999 of 440222
2022-09-23 00:50:05,132 | INFO : [WSEA] Processing SNPs 250000 to 259999 of 440222
2022-09-23 00:50:07,121 | INFO : [WSEA] Processing SNPs 260000 to 269999 of 440222
2022-09-23 00:50:09,141 | INFO : [WSEA] Processing SNPs 270000 to 279999 of 440222
2022-09-23 00:50:11,099 | INFO : [WSEA] Processing SNPs 280000 to 289999 of 440222
2022-09-23 00:50:13,068 | INFO : [WSEA] Processing SNPs 290000 to 299999 of 440222
2022-09-23 00:50:13,924 | INFO : [WSEA] Processing SNPs 300000 to 309999 of 440222
2022-09-23 00:50:15,872 | INFO : [WSEA] Processing SNPs 310000 to 319999 of 440222
2022-09-23 00:50:17,813 | INFO : [WSEA] Processing SNPs 320000 to 329999 of 440222
2022-09-23 00:50:18,664 | INFO : [WSEA] Processing SNPs 330000 to 339999 of 440222
2022-09-23 00:50:20,604 | INFO : [WSEA] Processing SNPs 340000 to 349999 of 440222
2022-09-23 00:50:22,473 | INFO : [WSEA] Processing SNPs 350000 to 359999 of 440222
2022-09-23 00:50:24,631 | INFO : [WSEA] Processing SNPs 360000 to 369999 of 440222
2022-09-23 00:50:26,772 | INFO : [WSEA] Processing SNPs 370000 to 379999 of 440222
2022-09-23 00:50:27,591 | INFO : [WSEA] Processing SNPs 380000 to 389999 of 440222
2022-09-23 00:50:29,446 | INFO : [WSEA] Processing SNPs 390000 to 399999 of 440222
2022-09-23 00:50:31,296 | INFO : [WSEA] Processing SNPs 400000 to 409999 of 440222
2022-09-23 00:50:33,224 | INFO : [WSEA] Processing SNPs 410000 to 419999 of 440222
2022-09-23 00:50:35,482 | INFO : [WSEA] Processing SNPs 420000 to 429999 of 440222
2022-09-23 00:50:36,514 | INFO : [WSEA] Processing SNPs 430000 to 439999 of 440222
2022-09-23 00:50:38,670 | INFO : [WSEA] Processing SNPs 440000 to 440221 of 440222
2022-09-23 00:50:39,742 | INFO : Starting population OCE
2022-09-23 00:50:39,743 | INFO : [OCE] Data extraction complete!
2022-09-23 00:50:39,743 | INFO : [OCE] Processing SNPs 0 to 9999 of 440222
2022-09-23 00:50:47,746 | INFO : [OCE] Processing SNPs 10000 to 19999 of 440222
2022-09-23 00:50:52,698 | INFO : [OCE] Processing SNPs 20000 to 29999 of 440222
2022-09-23 00:50:57,537 | INFO : [OCE] Processing SNPs 30000 to 39999 of 440222
2022-09-23 00:51:06,960 | INFO : [OCE] Processing SNPs 40000 to 49999 of 440222
2022-09-23 00:51:08,427 | INFO : [OCE] Processing SNPs 50000 to 59999 of 440222
2022-09-23 00:51:17,431 | INFO : [OCE] Processing SNPs 60000 to 69999 of 440222
2022-09-23 00:51:26,755 | INFO : [OCE] Processing SNPs 70000 to 79999 of 440222
2022-09-23 00:51:32,212 | INFO : [OCE] Processing SNPs 80000 to 89999 of 440222
2022-09-23 00:51:37,971 | INFO : [OCE] Processing SNPs 90000 to 99999 of 440222
2022-09-23 00:51:43,602 | INFO : [OCE] Processing SNPs 100000 to 109999 of 440222
2022-09-23 00:51:48,517 | INFO : [OCE] Processing SNPs 110000 to 119999 of 440222
2022-09-23 00:51:49,623 | INFO : [OCE] Processing SNPs 120000 to 129999 of 440222
2022-09-23 00:51:55,000 | INFO : [OCE] Processing SNPs 130000 to 139999 of 440222
2022-09-23 00:52:00,377 | INFO : [OCE] Processing SNPs 140000 to 149999 of 440222
2022-09-23 00:52:05,265 | INFO : [OCE] Processing SNPs 150000 to 159999 of 440222
2022-09-23 00:52:06,429 | INFO : [OCE] Processing SNPs 160000 to 169999 of 440222
2022-09-23 00:52:11,443 | INFO : [OCE] Processing SNPs 170000 to 179999 of 440222
2022-09-23 00:52:20,344 | INFO : [OCE] Processing SNPs 180000 to 189999 of 440222
2022-09-23 00:52:21,696 | INFO : [OCE] Processing SNPs 190000 to 199999 of 440222
2022-09-23 00:52:26,942 | INFO : [OCE] Processing SNPs 200000 to 209999 of 440222
2022-09-23 00:52:32,824 | INFO : [OCE] Processing SNPs 210000 to 219999 of 440222
2022-09-23 00:52:41,717 | INFO : [OCE] Processing SNPs 220000 to 229999 of 440222
2022-09-23 00:52:43,025 | INFO : [OCE] Processing SNPs 230000 to 239999 of 440222
2022-09-23 00:52:51,514 | INFO : [OCE] Processing SNPs 240000 to 249999 of 440222
2022-09-23 00:52:52,807 | INFO : [OCE] Processing SNPs 250000 to 259999 of 440222
2022-09-23 00:52:57,824 | INFO : [OCE] Processing SNPs 260000 to 269999 of 440222
2022-09-23 00:53:03,643 | INFO : [OCE] Processing SNPs 270000 to 279999 of 440222
2022-09-23 00:53:08,661 | INFO : [OCE] Processing SNPs 280000 to 289999 of 440222
2022-09-23 00:53:13,651 | INFO : [OCE] Processing SNPs 290000 to 299999 of 440222
2022-09-23 00:53:15,031 | INFO : [OCE] Processing SNPs 300000 to 309999 of 440222
2022-09-23 00:53:20,031 | INFO : [OCE] Processing SNPs 310000 to 319999 of 440222
2022-09-23 00:53:24,720 | INFO : [OCE] Processing SNPs 320000 to 329999 of 440222
2022-09-23 00:53:26,036 | INFO : [OCE] Processing SNPs 330000 to 339999 of 440222
2022-09-23 00:53:31,256 | INFO : [OCE] Processing SNPs 340000 to 349999 of 440222
2022-09-23 00:53:36,507 | INFO : [OCE] Processing SNPs 350000 to 359999 of 440222
2022-09-23 00:53:41,640 | INFO : [OCE] Processing SNPs 360000 to 369999 of 440222
2022-09-23 00:53:46,587 | INFO : [OCE] Processing SNPs 370000 to 379999 of 440222
2022-09-23 00:53:47,909 | INFO : [OCE] Processing SNPs 380000 to 389999 of 440222
2022-09-23 00:53:52,957 | INFO : [OCE] Processing SNPs 390000 to 399999 of 440222
2022-09-23 00:53:57,695 | INFO : [OCE] Processing SNPs 400000 to 409999 of 440222
2022-09-23 00:54:02,858 | INFO : [OCE] Processing SNPs 410000 to 419999 of 440222
2022-09-23 00:54:08,445 | INFO : [OCE] Processing SNPs 420000 to 429999 of 440222
2022-09-23 00:54:09,640 | INFO : [OCE] Processing SNPs 430000 to 439999 of 440222
2022-09-23 00:54:14,674 | INFO : [OCE] Processing SNPs 440000 to 440221 of 440222
2022-09-23 00:54:15,972 | INFO : Starting population MSEA
2022-09-23 00:54:15,973 | INFO : [MSEA] Data extraction complete!
2022-09-23 00:54:15,973 | INFO : [MSEA] Processing SNPs 0 to 9999 of 440222
2022-09-23 00:54:19,404 | INFO : [MSEA] Processing SNPs 10000 to 19999 of 440222
2022-09-23 00:54:21,889 | INFO : [MSEA] Processing SNPs 20000 to 29999 of 440222
2022-09-23 00:54:24,288 | INFO : [MSEA] Processing SNPs 30000 to 39999 of 440222
2022-09-23 00:54:28,336 | INFO : [MSEA] Processing SNPs 40000 to 49999 of 440222
2022-09-23 00:54:29,105 | INFO : [MSEA] Processing SNPs 50000 to 59999 of 440222
2022-09-23 00:54:32,643 | INFO : [MSEA] Processing SNPs 60000 to 69999 of 440222
2022-09-23 00:54:35,989 | INFO : [MSEA] Processing SNPs 70000 to 79999 of 440222
2022-09-23 00:54:38,267 | INFO : [MSEA] Processing SNPs 80000 to 89999 of 440222
2022-09-23 00:54:40,794 | INFO : [MSEA] Processing SNPs 90000 to 99999 of 440222
2022-09-23 00:54:42,914 | INFO : [MSEA] Processing SNPs 100000 to 109999 of 440222
2022-09-23 00:54:45,084 | INFO : [MSEA] Processing SNPs 110000 to 119999 of 440222
2022-09-23 00:54:45,708 | INFO : [MSEA] Processing SNPs 120000 to 129999 of 440222
2022-09-23 00:54:47,946 | INFO : [MSEA] Processing SNPs 130000 to 139999 of 440222
2022-09-23 00:54:49,952 | INFO : [MSEA] Processing SNPs 140000 to 149999 of 440222
2022-09-23 00:54:51,972 | INFO : [MSEA] Processing SNPs 150000 to 159999 of 440222
2022-09-23 00:54:52,609 | INFO : [MSEA] Processing SNPs 160000 to 169999 of 440222
2022-09-23 00:54:54,741 | INFO : [MSEA] Processing SNPs 170000 to 179999 of 440222
2022-09-23 00:54:58,276 | INFO : [MSEA] Processing SNPs 180000 to 189999 of 440222
2022-09-23 00:54:58,898 | INFO : [MSEA] Processing SNPs 190000 to 199999 of 440222
2022-09-23 00:55:00,897 | INFO : [MSEA] Processing SNPs 200000 to 209999 of 440222
2022-09-23 00:55:03,113 | INFO : [MSEA] Processing SNPs 210000 to 219999 of 440222
2022-09-23 00:55:06,863 | INFO : [MSEA] Processing SNPs 220000 to 229999 of 440222
2022-09-23 00:55:07,811 | INFO : [MSEA] Processing SNPs 230000 to 239999 of 440222
2022-09-23 00:55:11,577 | INFO : [MSEA] Processing SNPs 240000 to 249999 of 440222
2022-09-23 00:55:12,388 | INFO : [MSEA] Processing SNPs 250000 to 259999 of 440222
2022-09-23 00:55:14,314 | INFO : [MSEA] Processing SNPs 260000 to 269999 of 440222
2022-09-23 00:55:16,632 | INFO : [MSEA] Processing SNPs 270000 to 279999 of 440222
2022-09-23 00:55:18,653 | INFO : [MSEA] Processing SNPs 280000 to 289999 of 440222
2022-09-23 00:55:20,654 | INFO : [MSEA] Processing SNPs 290000 to 299999 of 440222
2022-09-23 00:55:21,285 | INFO : [MSEA] Processing SNPs 300000 to 309999 of 440222
2022-09-23 00:55:23,181 | INFO : [MSEA] Processing SNPs 310000 to 319999 of 440222
2022-09-23 00:55:25,704 | INFO : [MSEA] Processing SNPs 320000 to 329999 of 440222
2022-09-23 00:55:26,328 | INFO : [MSEA] Processing SNPs 330000 to 339999 of 440222
2022-09-23 00:55:28,273 | INFO : [MSEA] Processing SNPs 340000 to 349999 of 440222
2022-09-23 00:55:30,161 | INFO : [MSEA] Processing SNPs 350000 to 359999 of 440222
2022-09-23 00:55:32,089 | INFO : [MSEA] Processing SNPs 360000 to 369999 of 440222
2022-09-23 00:55:34,317 | INFO : [MSEA] Processing SNPs 370000 to 379999 of 440222
2022-09-23 00:55:34,930 | INFO : [MSEA] Processing SNPs 380000 to 389999 of 440222
2022-09-23 00:55:37,274 | INFO : [MSEA] Processing SNPs 390000 to 399999 of 440222
2022-09-23 00:55:39,339 | INFO : [MSEA] Processing SNPs 400000 to 409999 of 440222
2022-09-23 00:55:41,310 | INFO : [MSEA] Processing SNPs 410000 to 419999 of 440222
2022-09-23 00:55:43,486 | INFO : [MSEA] Processing SNPs 420000 to 429999 of 440222
2022-09-23 00:55:44,125 | INFO : [MSEA] Processing SNPs 430000 to 439999 of 440222
2022-09-23 00:55:46,181 | INFO : [MSEA] Processing SNPs 440000 to 440221 of 440222
