2022-09-27 12:03:56,420 | INFO : Starting population AF
2022-09-27 12:03:56,426 | INFO : [AF] Data extraction complete!
2022-09-27 12:03:56,426 | INFO : [AF] Processing SNPs 0 to 9999 of 440222
2022-09-27 12:04:05,091 | INFO : [AF] Processing SNPs 10000 to 19999 of 440222
2022-09-27 12:04:07,782 | INFO : [AF] Processing SNPs 20000 to 29999 of 440222
2022-09-27 12:04:10,463 | INFO : [AF] Processing SNPs 30000 to 39999 of 440222
2022-09-27 12:04:13,945 | INFO : [AF] Processing SNPs 40000 to 49999 of 440222
2022-09-27 12:04:14,876 | INFO : [AF] Processing SNPs 50000 to 59999 of 440222
2022-09-27 12:04:18,366 | INFO : [AF] Processing SNPs 60000 to 69999 of 440222
2022-09-27 12:04:21,920 | INFO : [AF] Processing SNPs 70000 to 79999 of 440222
2022-09-27 12:04:24,277 | INFO : [AF] Processing SNPs 80000 to 89999 of 440222
2022-09-27 12:04:26,865 | INFO : [AF] Processing SNPs 90000 to 99999 of 440222
2022-09-27 12:04:29,610 | INFO : [AF] Processing SNPs 100000 to 109999 of 440222
2022-09-27 12:04:31,873 | INFO : [AF] Processing SNPs 110000 to 119999 of 440222
2022-09-27 12:04:33,276 | INFO : [AF] Processing SNPs 120000 to 129999 of 440222
2022-09-27 12:04:35,973 | INFO : [AF] Processing SNPs 130000 to 139999 of 440222
2022-09-27 12:04:38,247 | INFO : [AF] Processing SNPs 140000 to 149999 of 440222
2022-09-27 12:04:40,456 | INFO : [AF] Processing SNPs 150000 to 159999 of 440222
2022-09-27 12:04:41,723 | INFO : [AF] Processing SNPs 160000 to 169999 of 440222
2022-09-27 12:04:45,437 | INFO : [AF] Processing SNPs 170000 to 179999 of 440222
2022-09-27 12:04:54,478 | INFO : [AF] Processing SNPs 180000 to 189999 of 440222
2022-09-27 12:04:56,097 | INFO : [AF] Processing SNPs 190000 to 199999 of 440222
2022-09-27 12:04:59,186 | INFO : [AF] Processing SNPs 200000 to 209999 of 440222
2022-09-27 12:05:02,496 | INFO : [AF] Processing SNPs 210000 to 219999 of 440222
2022-09-27 12:05:07,573 | INFO : [AF] Processing SNPs 220000 to 229999 of 440222
2022-09-27 12:05:08,473 | INFO : [AF] Processing SNPs 230000 to 239999 of 440222
2022-09-27 12:05:11,993 | INFO : [AF] Processing SNPs 240000 to 249999 of 440222
2022-09-27 12:05:12,929 | INFO : [AF] Processing SNPs 250000 to 259999 of 440222
2022-09-27 12:05:15,309 | INFO : [AF] Processing SNPs 260000 to 269999 of 440222
2022-09-27 12:05:18,007 | INFO : [AF] Processing SNPs 270000 to 279999 of 440222
2022-09-27 12:05:20,828 | INFO : [AF] Processing SNPs 280000 to 289999 of 440222
2022-09-27 12:05:23,576 | INFO : [AF] Processing SNPs 290000 to 299999 of 440222
2022-09-27 12:05:25,002 | INFO : [AF] Processing SNPs 300000 to 309999 of 440222
2022-09-27 12:05:27,931 | INFO : [AF] Processing SNPs 310000 to 319999 of 440222
2022-09-27 12:05:31,215 | INFO : [AF] Processing SNPs 320000 to 329999 of 440222
2022-09-27 12:05:33,048 | INFO : [AF] Processing SNPs 330000 to 339999 of 440222
2022-09-27 12:05:36,208 | INFO : [AF] Processing SNPs 340000 to 349999 of 440222
2022-09-27 12:05:39,831 | INFO : [AF] Processing SNPs 350000 to 359999 of 440222
2022-09-27 12:05:43,550 | INFO : [AF] Processing SNPs 360000 to 369999 of 440222
2022-09-27 12:05:47,394 | INFO : [AF] Processing SNPs 370000 to 379999 of 440222
2022-09-27 12:05:48,754 | INFO : [AF] Processing SNPs 380000 to 389999 of 440222
2022-09-27 12:05:52,401 | INFO : [AF] Processing SNPs 390000 to 399999 of 440222
2022-09-27 12:05:56,084 | INFO : [AF] Processing SNPs 400000 to 409999 of 440222
2022-09-27 12:05:59,808 | INFO : [AF] Processing SNPs 410000 to 419999 of 440222
2022-09-27 12:06:03,436 | INFO : [AF] Processing SNPs 420000 to 429999 of 440222
2022-09-27 12:06:04,857 | INFO : [AF] Processing SNPs 430000 to 439999 of 440222
2022-09-27 12:06:08,000 | INFO : [AF] Processing SNPs 440000 to 440221 of 440222
2022-09-27 12:06:09,383 | INFO : [AF] Sample 0 of 155
2022-09-27 12:07:21,781 | INFO : [AF] Sample 10 of 155
2022-09-27 12:08:48,217 | INFO : [AF] Sample 20 of 155
2022-09-27 12:10:07,145 | INFO : [AF] Sample 30 of 155
2022-09-27 12:11:27,161 | INFO : [AF] Sample 40 of 155
2022-09-27 12:12:46,103 | INFO : [AF] Sample 50 of 155
2022-09-27 12:14:04,757 | INFO : [AF] Sample 60 of 155
2022-09-27 12:15:30,690 | INFO : [AF] Sample 70 of 155
2022-09-27 12:16:50,124 | INFO : [AF] Sample 80 of 155
2022-09-27 12:18:25,075 | INFO : [AF] Sample 90 of 155
2022-09-27 12:21:19,479 | INFO : [AF] Sample 100 of 155
2022-09-27 12:24:19,477 | INFO : [AF] Sample 110 of 155
2022-09-27 12:26:00,460 | INFO : [AF] Sample 120 of 155
2022-09-27 12:27:31,558 | INFO : [AF] Sample 130 of 155
2022-09-27 12:28:48,270 | INFO : [AF] Sample 140 of 155
2022-09-27 12:30:04,994 | INFO : [AF] Sample 150 of 155
2022-09-27 12:30:56,535 | INFO : [AF] Writing interim results
2022-09-27 12:30:58,591 | INFO : [AF] Done!
2022-09-27 12:30:58,592 | INFO : Starting population LAM
2022-09-27 12:30:58,601 | INFO : [LAM] Data extraction complete!
2022-09-27 12:30:58,603 | INFO : [LAM] Processing SNPs 0 to 9999 of 440222
2022-09-27 12:31:12,056 | INFO : [LAM] Processing SNPs 10000 to 19999 of 440222
2022-09-27 12:31:21,575 | INFO : [LAM] Processing SNPs 20000 to 29999 of 440222
2022-09-27 12:31:31,777 | INFO : [LAM] Processing SNPs 30000 to 39999 of 440222
2022-09-27 12:31:47,064 | INFO : [LAM] Processing SNPs 40000 to 49999 of 440222
2022-09-27 12:31:50,036 | INFO : [LAM] Processing SNPs 50000 to 59999 of 440222
2022-09-27 12:32:07,557 | INFO : [LAM] Processing SNPs 60000 to 69999 of 440222
2022-09-27 12:32:23,255 | INFO : [LAM] Processing SNPs 70000 to 79999 of 440222
2022-09-27 12:32:32,250 | INFO : [LAM] Processing SNPs 80000 to 89999 of 440222
2022-09-27 12:32:41,946 | INFO : [LAM] Processing SNPs 90000 to 99999 of 440222
2022-09-27 12:32:52,181 | INFO : [LAM] Processing SNPs 100000 to 109999 of 440222
2022-09-27 12:33:01,141 | INFO : [LAM] Processing SNPs 110000 to 119999 of 440222
2022-09-27 12:33:03,864 | INFO : [LAM] Processing SNPs 120000 to 129999 of 440222
2022-09-27 12:33:13,409 | INFO : [LAM] Processing SNPs 130000 to 139999 of 440222
2022-09-27 12:33:23,530 | INFO : [LAM] Processing SNPs 140000 to 149999 of 440222
2022-09-27 12:33:32,801 | INFO : [LAM] Processing SNPs 150000 to 159999 of 440222
2022-09-27 12:33:35,762 | INFO : [LAM] Processing SNPs 160000 to 169999 of 440222
2022-09-27 12:33:45,130 | INFO : [LAM] Processing SNPs 170000 to 179999 of 440222
2022-09-27 12:34:03,691 | INFO : [LAM] Processing SNPs 180000 to 189999 of 440222
2022-09-27 12:34:07,446 | INFO : [LAM] Processing SNPs 190000 to 199999 of 440222
2022-09-27 12:34:20,291 | INFO : [LAM] Processing SNPs 200000 to 209999 of 440222
2022-09-27 12:34:30,171 | INFO : [LAM] Processing SNPs 210000 to 219999 of 440222
2022-09-27 12:35:09,313 | INFO : [LAM] Processing SNPs 220000 to 229999 of 440222
2022-09-27 12:35:12,812 | INFO : [LAM] Processing SNPs 230000 to 239999 of 440222
2022-09-27 12:35:30,014 | INFO : [LAM] Processing SNPs 240000 to 249999 of 440222
2022-09-27 12:35:33,267 | INFO : [LAM] Processing SNPs 250000 to 259999 of 440222
2022-09-27 12:35:44,298 | INFO : [LAM] Processing SNPs 260000 to 269999 of 440222
2022-09-27 12:35:59,753 | INFO : [LAM] Processing SNPs 270000 to 279999 of 440222
2022-09-27 12:36:18,047 | INFO : [LAM] Processing SNPs 280000 to 289999 of 440222
2022-09-27 12:36:32,164 | INFO : [LAM] Processing SNPs 290000 to 299999 of 440222
2022-09-27 12:36:40,720 | INFO : [LAM] Processing SNPs 300000 to 309999 of 440222
2022-09-27 12:37:35,184 | INFO : [LAM] Processing SNPs 310000 to 319999 of 440222
2022-09-27 12:37:50,628 | INFO : [LAM] Processing SNPs 320000 to 329999 of 440222
2022-09-27 12:37:54,120 | INFO : [LAM] Processing SNPs 330000 to 339999 of 440222
2022-09-27 12:38:07,070 | INFO : [LAM] Processing SNPs 340000 to 349999 of 440222
2022-09-27 12:38:22,497 | INFO : [LAM] Processing SNPs 350000 to 359999 of 440222
2022-09-27 12:39:01,904 | INFO : [LAM] Processing SNPs 360000 to 369999 of 440222
2022-09-27 12:39:28,559 | INFO : [LAM] Processing SNPs 370000 to 379999 of 440222
2022-09-27 12:39:30,983 | INFO : [LAM] Processing SNPs 380000 to 389999 of 440222
2022-09-27 12:39:50,449 | INFO : [LAM] Processing SNPs 390000 to 399999 of 440222
2022-09-27 12:40:07,036 | INFO : [LAM] Processing SNPs 400000 to 409999 of 440222
2022-09-27 12:40:21,328 | INFO : [LAM] Processing SNPs 410000 to 419999 of 440222
2022-09-27 12:40:36,145 | INFO : [LAM] Processing SNPs 420000 to 429999 of 440222
2022-09-27 12:40:38,056 | INFO : [LAM] Processing SNPs 430000 to 439999 of 440222
2022-09-27 12:40:53,439 | INFO : [LAM] Processing SNPs 440000 to 440221 of 440222
2022-09-27 12:40:55,047 | INFO : [LAM] Sample 0 of 175
2022-09-27 12:41:59,440 | INFO : [LAM] Sample 10 of 175
2022-09-27 12:42:39,743 | INFO : [LAM] Sample 20 of 175
2022-09-27 12:43:20,244 | INFO : [LAM] Sample 30 of 175
2022-09-27 12:44:38,787 | INFO : [LAM] Sample 40 of 175
2022-09-27 12:45:40,169 | INFO : [LAM] Sample 50 of 175
2022-09-27 12:47:05,115 | INFO : [LAM] Sample 60 of 175
2022-09-27 12:48:13,777 | INFO : [LAM] Sample 70 of 175
2022-09-27 12:49:20,365 | INFO : [LAM] Sample 80 of 175
2022-09-27 12:50:06,893 | INFO : [LAM] Sample 90 of 175
2022-09-27 12:50:56,198 | INFO : [LAM] Sample 100 of 175
2022-09-27 12:51:42,277 | INFO : [LAM] Sample 110 of 175
2022-09-27 12:52:59,066 | INFO : [LAM] Sample 120 of 175
2022-09-27 12:54:49,677 | INFO : [LAM] Sample 130 of 175
2022-09-27 12:55:50,220 | INFO : [LAM] Sample 140 of 175
2022-09-27 12:56:54,259 | INFO : [LAM] Sample 150 of 175
2022-09-27 12:58:27,117 | INFO : [LAM] Sample 160 of 175
2022-09-27 12:59:14,644 | INFO : [LAM] Sample 170 of 175
2022-09-27 12:59:39,567 | INFO : [LAM] Writing interim results
2022-09-27 12:59:41,177 | INFO : [LAM] Done!
2022-09-27 12:59:41,177 | INFO : Starting population ESEA
2022-09-27 12:59:41,177 | INFO : [ESEA] Data extraction complete!
2022-09-27 12:59:41,178 | INFO : [ESEA] Processing SNPs 0 to 9999 of 440222
2022-09-27 12:59:55,194 | INFO : [ESEA] Processing SNPs 10000 to 19999 of 440222
2022-09-27 13:00:05,084 | INFO : [ESEA] Processing SNPs 20000 to 29999 of 440222
2022-09-27 13:00:17,483 | INFO : [ESEA] Processing SNPs 30000 to 39999 of 440222
2022-09-27 13:00:34,189 | INFO : [ESEA] Processing SNPs 40000 to 49999 of 440222
2022-09-27 13:02:29,888 | INFO : [ESEA] Processing SNPs 50000 to 59999 of 440222
2022-09-27 13:02:59,214 | INFO : [ESEA] Processing SNPs 60000 to 69999 of 440222
2022-09-27 13:03:28,436 | INFO : [ESEA] Processing SNPs 70000 to 79999 of 440222
2022-09-27 13:03:41,599 | INFO : [ESEA] Processing SNPs 80000 to 89999 of 440222
2022-09-27 13:04:08,342 | INFO : [ESEA] Processing SNPs 90000 to 99999 of 440222
2022-09-27 13:04:22,398 | INFO : [ESEA] Processing SNPs 100000 to 109999 of 440222
2022-09-27 13:04:34,222 | INFO : [ESEA] Processing SNPs 110000 to 119999 of 440222
2022-09-27 13:04:36,421 | INFO : [ESEA] Processing SNPs 120000 to 129999 of 440222
2022-09-27 13:04:46,699 | INFO : [ESEA] Processing SNPs 130000 to 139999 of 440222
2022-09-27 13:04:58,964 | INFO : [ESEA] Processing SNPs 140000 to 149999 of 440222
2022-09-27 13:05:10,115 | INFO : [ESEA] Processing SNPs 150000 to 159999 of 440222
2022-09-27 13:05:13,964 | INFO : [ESEA] Processing SNPs 160000 to 169999 of 440222
2022-09-27 13:05:27,093 | INFO : [ESEA] Processing SNPs 170000 to 179999 of 440222
2022-09-27 13:05:46,183 | INFO : [ESEA] Processing SNPs 180000 to 189999 of 440222
2022-09-27 13:05:49,738 | INFO : [ESEA] Processing SNPs 190000 to 199999 of 440222
2022-09-27 13:06:00,294 | INFO : [ESEA] Processing SNPs 200000 to 209999 of 440222
2022-09-27 13:06:12,362 | INFO : [ESEA] Processing SNPs 210000 to 219999 of 440222
2022-09-27 13:06:31,320 | INFO : [ESEA] Processing SNPs 220000 to 229999 of 440222
2022-09-27 13:06:34,952 | INFO : [ESEA] Processing SNPs 230000 to 239999 of 440222
2022-09-27 13:06:53,749 | INFO : [ESEA] Processing SNPs 240000 to 249999 of 440222
2022-09-27 13:06:56,167 | INFO : [ESEA] Processing SNPs 250000 to 259999 of 440222
2022-09-27 13:07:08,936 | INFO : [ESEA] Processing SNPs 260000 to 269999 of 440222
2022-09-27 13:07:22,763 | INFO : [ESEA] Processing SNPs 270000 to 279999 of 440222
2022-09-27 13:08:41,915 | INFO : [ESEA] Processing SNPs 280000 to 289999 of 440222
2022-09-27 13:09:04,440 | INFO : [ESEA] Processing SNPs 290000 to 299999 of 440222
2022-09-27 13:09:09,027 | INFO : [ESEA] Processing SNPs 300000 to 309999 of 440222
2022-09-27 13:09:31,045 | INFO : [ESEA] Processing SNPs 310000 to 319999 of 440222
2022-09-27 13:09:49,750 | INFO : [ESEA] Processing SNPs 320000 to 329999 of 440222
2022-09-27 13:09:52,700 | INFO : [ESEA] Processing SNPs 330000 to 339999 of 440222
2022-09-27 13:10:12,603 | INFO : [ESEA] Processing SNPs 340000 to 349999 of 440222
2022-09-27 13:10:30,682 | INFO : [ESEA] Processing SNPs 350000 to 359999 of 440222
2022-09-27 13:10:48,409 | INFO : [ESEA] Processing SNPs 360000 to 369999 of 440222
2022-09-27 13:11:07,764 | INFO : [ESEA] Processing SNPs 370000 to 379999 of 440222
2022-09-27 13:11:10,026 | INFO : [ESEA] Processing SNPs 380000 to 389999 of 440222
2022-09-27 13:11:25,911 | INFO : [ESEA] Processing SNPs 390000 to 399999 of 440222
2022-09-27 13:11:39,891 | INFO : [ESEA] Processing SNPs 400000 to 409999 of 440222
2022-09-27 13:11:54,941 | INFO : [ESEA] Processing SNPs 410000 to 419999 of 440222
2022-09-27 13:12:13,946 | INFO : [ESEA] Processing SNPs 420000 to 429999 of 440222
2022-09-27 13:12:18,162 | INFO : [ESEA] Processing SNPs 430000 to 439999 of 440222
2022-09-27 13:12:37,846 | INFO : [ESEA] Processing SNPs 440000 to 440221 of 440222
2022-09-27 13:12:40,244 | INFO : [ESEA] Sample 0 of 313
2022-09-27 13:20:24,467 | INFO : [ESEA] Sample 10 of 313
2022-09-27 13:23:40,681 | INFO : [ESEA] Sample 20 of 313
2022-09-27 13:26:12,709 | INFO : [ESEA] Sample 30 of 313
2022-09-27 13:28:29,534 | INFO : [ESEA] Sample 40 of 313
2022-09-27 13:31:02,708 | INFO : [ESEA] Sample 50 of 313
2022-09-27 13:32:45,017 | INFO : [ESEA] Sample 60 of 313
2022-09-27 13:42:16,341 | INFO : [ESEA] Sample 70 of 313
2022-09-27 13:46:15,710 | INFO : [ESEA] Sample 80 of 313
2022-09-27 13:48:48,240 | INFO : [ESEA] Sample 90 of 313
2022-09-27 13:50:58,607 | INFO : [ESEA] Sample 100 of 313
2022-09-27 13:53:31,166 | INFO : [ESEA] Sample 110 of 313
2022-09-27 13:56:11,345 | INFO : [ESEA] Sample 120 of 313
2022-09-27 13:58:28,346 | INFO : [ESEA] Sample 130 of 313
2022-09-27 14:00:25,502 | INFO : [ESEA] Sample 140 of 313
2022-09-27 14:03:04,655 | INFO : [ESEA] Sample 150 of 313
2022-09-27 14:03:45,366 | INFO : [ESEA] Sample 160 of 313
2022-09-27 14:04:25,813 | INFO : [ESEA] Sample 170 of 313
2022-09-27 14:05:08,819 | INFO : [ESEA] Sample 180 of 313
2022-09-27 14:06:34,059 | INFO : [ESEA] Sample 190 of 313
2022-09-27 14:07:10,456 | INFO : [ESEA] Sample 200 of 313
2022-09-27 14:08:19,226 | INFO : [ESEA] Sample 210 of 313
2022-09-27 14:09:24,910 | INFO : [ESEA] Sample 220 of 313
2022-09-27 14:10:39,946 | INFO : [ESEA] Sample 230 of 313
2022-09-27 14:11:21,950 | INFO : [ESEA] Sample 240 of 313
2022-09-27 14:12:04,059 | INFO : [ESEA] Sample 250 of 313
2022-09-27 14:12:46,555 | INFO : [ESEA] Sample 260 of 313
2022-09-27 14:13:28,882 | INFO : [ESEA] Sample 270 of 313
2022-09-27 14:14:38,735 | INFO : [ESEA] Sample 280 of 313
2022-09-27 14:15:14,709 | INFO : [ESEA] Sample 290 of 313
2022-09-27 14:16:21,447 | INFO : [ESEA] Sample 300 of 313
2022-09-27 14:17:06,076 | INFO : [ESEA] Sample 310 of 313
2022-09-27 14:17:19,581 | INFO : [ESEA] Writing interim results
2022-09-27 14:17:21,220 | INFO : [ESEA] Done!
2022-09-27 14:17:21,220 | INFO : Starting population WAS
2022-09-27 14:17:21,243 | INFO : [WAS] Data extraction complete!
2022-09-27 14:17:21,243 | INFO : [WAS] Processing SNPs 0 to 9999 of 440222
2022-09-27 14:17:26,673 | INFO : [WAS] Processing SNPs 10000 to 19999 of 440222
2022-09-27 14:17:30,439 | INFO : [WAS] Processing SNPs 20000 to 29999 of 440222
2022-09-27 14:17:34,397 | INFO : [WAS] Processing SNPs 30000 to 39999 of 440222
2022-09-27 14:17:40,600 | INFO : [WAS] Processing SNPs 40000 to 49999 of 440222
2022-09-27 14:17:41,555 | INFO : [WAS] Processing SNPs 50000 to 59999 of 440222
2022-09-27 14:17:47,453 | INFO : [WAS] Processing SNPs 60000 to 69999 of 440222
2022-09-27 14:17:54,350 | INFO : [WAS] Processing SNPs 70000 to 79999 of 440222
2022-09-27 14:17:57,964 | INFO : [WAS] Processing SNPs 80000 to 89999 of 440222
2022-09-27 14:18:01,741 | INFO : [WAS] Processing SNPs 90000 to 99999 of 440222
2022-09-27 14:18:05,371 | INFO : [WAS] Processing SNPs 100000 to 109999 of 440222
2022-09-27 14:18:09,421 | INFO : [WAS] Processing SNPs 110000 to 119999 of 440222
2022-09-27 14:18:10,336 | INFO : [WAS] Processing SNPs 120000 to 129999 of 440222
2022-09-27 14:18:14,691 | INFO : [WAS] Processing SNPs 130000 to 139999 of 440222
2022-09-27 14:18:19,186 | INFO : [WAS] Processing SNPs 140000 to 149999 of 440222
2022-09-27 14:18:23,150 | INFO : [WAS] Processing SNPs 150000 to 159999 of 440222
2022-09-27 14:18:24,212 | INFO : [WAS] Processing SNPs 160000 to 169999 of 440222
2022-09-27 14:18:27,717 | INFO : [WAS] Processing SNPs 170000 to 179999 of 440222
2022-09-27 14:18:34,537 | INFO : [WAS] Processing SNPs 180000 to 189999 of 440222
2022-09-27 14:18:35,455 | INFO : [WAS] Processing SNPs 190000 to 199999 of 440222
2022-09-27 14:18:49,959 | INFO : [WAS] Processing SNPs 200000 to 209999 of 440222
2022-09-27 14:18:53,618 | INFO : [WAS] Processing SNPs 210000 to 219999 of 440222
2022-09-27 14:18:59,926 | INFO : [WAS] Processing SNPs 220000 to 229999 of 440222
2022-09-27 14:19:00,943 | INFO : [WAS] Processing SNPs 230000 to 239999 of 440222
2022-09-27 14:19:07,069 | INFO : [WAS] Processing SNPs 240000 to 249999 of 440222
2022-09-27 14:19:07,966 | INFO : [WAS] Processing SNPs 250000 to 259999 of 440222
2022-09-27 14:19:11,709 | INFO : [WAS] Processing SNPs 260000 to 269999 of 440222
2022-09-27 14:19:15,408 | INFO : [WAS] Processing SNPs 270000 to 279999 of 440222
2022-09-27 14:19:19,023 | INFO : [WAS] Processing SNPs 280000 to 289999 of 440222
2022-09-27 14:19:22,880 | INFO : [WAS] Processing SNPs 290000 to 299999 of 440222
2022-09-27 14:19:23,901 | INFO : [WAS] Processing SNPs 300000 to 309999 of 440222
2022-09-27 14:19:27,365 | INFO : [WAS] Processing SNPs 310000 to 319999 of 440222
2022-09-27 14:20:05,187 | INFO : [WAS] Processing SNPs 320000 to 329999 of 440222
2022-09-27 14:20:07,735 | INFO : [WAS] Processing SNPs 330000 to 339999 of 440222
2022-09-27 14:20:16,892 | INFO : [WAS] Processing SNPs 340000 to 349999 of 440222
2022-09-27 14:21:00,101 | INFO : [WAS] Processing SNPs 350000 to 359999 of 440222
2022-09-27 14:21:08,581 | INFO : [WAS] Processing SNPs 360000 to 369999 of 440222
2022-09-27 14:21:17,091 | INFO : [WAS] Processing SNPs 370000 to 379999 of 440222
2022-09-27 14:21:18,071 | INFO : [WAS] Processing SNPs 380000 to 389999 of 440222
2022-09-27 14:21:25,454 | INFO : [WAS] Processing SNPs 390000 to 399999 of 440222
2022-09-27 14:21:32,914 | INFO : [WAS] Processing SNPs 400000 to 409999 of 440222
2022-09-27 14:21:40,004 | INFO : [WAS] Processing SNPs 410000 to 419999 of 440222
2022-09-27 14:21:47,371 | INFO : [WAS] Processing SNPs 420000 to 429999 of 440222
2022-09-27 14:21:48,390 | INFO : [WAS] Processing SNPs 430000 to 439999 of 440222
2022-09-27 14:21:56,234 | INFO : [WAS] Processing SNPs 440000 to 440221 of 440222
2022-09-27 14:21:57,223 | INFO : [WAS] Sample 0 of 51
2022-09-27 14:24:06,150 | INFO : [WAS] Sample 10 of 51
2022-09-27 14:25:45,866 | INFO : [WAS] Sample 20 of 51
2022-09-27 14:26:15,623 | INFO : [WAS] Sample 30 of 51
2022-09-27 14:27:12,563 | INFO : [WAS] Sample 40 of 51
2022-09-27 14:28:03,147 | INFO : [WAS] Sample 50 of 51
2022-09-27 14:28:07,634 | INFO : [WAS] Writing interim results
2022-09-27 14:28:08,910 | INFO : [WAS] Done!
2022-09-27 14:28:08,911 | INFO : Starting population unassigned
2022-09-27 14:28:08,916 | INFO : [unassigned] Data extraction complete!
2022-09-27 14:28:08,916 | INFO : [unassigned] Processing SNPs 0 to 9999 of 440222
2022-09-27 14:28:12,645 | INFO : [unassigned] Processing SNPs 10000 to 19999 of 440222
2022-09-27 14:28:15,629 | INFO : [unassigned] Processing SNPs 20000 to 29999 of 440222
2022-09-27 14:28:18,388 | INFO : [unassigned] Processing SNPs 30000 to 39999 of 440222
2022-09-27 14:28:22,999 | INFO : [unassigned] Processing SNPs 40000 to 49999 of 440222
2022-09-27 14:28:24,051 | INFO : [unassigned] Processing SNPs 50000 to 59999 of 440222
2022-09-27 14:28:28,546 | INFO : [unassigned] Processing SNPs 60000 to 69999 of 440222
2022-09-27 14:28:33,200 | INFO : [unassigned] Processing SNPs 70000 to 79999 of 440222
2022-09-27 14:28:36,062 | INFO : [unassigned] Processing SNPs 80000 to 89999 of 440222
2022-09-27 14:28:38,958 | INFO : [unassigned] Processing SNPs 90000 to 99999 of 440222
2022-09-27 14:28:41,827 | INFO : [unassigned] Processing SNPs 100000 to 109999 of 440222
2022-09-27 14:28:44,717 | INFO : [unassigned] Processing SNPs 110000 to 119999 of 440222
2022-09-27 14:28:45,810 | INFO : [unassigned] Processing SNPs 120000 to 129999 of 440222
2022-09-27 14:28:48,507 | INFO : [unassigned] Processing SNPs 130000 to 139999 of 440222
2022-09-27 14:28:51,345 | INFO : [unassigned] Processing SNPs 140000 to 149999 of 440222
2022-09-27 14:28:54,094 | INFO : [unassigned] Processing SNPs 150000 to 159999 of 440222
2022-09-27 14:28:55,146 | INFO : [unassigned] Processing SNPs 160000 to 169999 of 440222
2022-09-27 14:28:57,830 | INFO : [unassigned] Processing SNPs 170000 to 179999 of 440222
2022-09-27 14:29:02,367 | INFO : [unassigned] Processing SNPs 180000 to 189999 of 440222
2022-09-27 14:29:03,415 | INFO : [unassigned] Processing SNPs 190000 to 199999 of 440222
2022-09-27 14:29:06,061 | INFO : [unassigned] Processing SNPs 200000 to 209999 of 440222
2022-09-27 14:29:08,897 | INFO : [unassigned] Processing SNPs 210000 to 219999 of 440222
2022-09-27 14:29:13,489 | INFO : [unassigned] Processing SNPs 220000 to 229999 of 440222
2022-09-27 14:29:14,591 | INFO : [unassigned] Processing SNPs 230000 to 239999 of 440222
2022-09-27 14:29:19,020 | INFO : [unassigned] Processing SNPs 240000 to 249999 of 440222
2022-09-27 14:29:20,095 | INFO : [unassigned] Processing SNPs 250000 to 259999 of 440222
2022-09-27 14:29:22,784 | INFO : [unassigned] Processing SNPs 260000 to 269999 of 440222
2022-09-27 14:29:25,606 | INFO : [unassigned] Processing SNPs 270000 to 279999 of 440222
2022-09-27 14:29:28,943 | INFO : [unassigned] Processing SNPs 280000 to 289999 of 440222
2022-09-27 14:29:31,735 | INFO : [unassigned] Processing SNPs 290000 to 299999 of 440222
2022-09-27 14:29:32,814 | INFO : [unassigned] Processing SNPs 300000 to 309999 of 440222
2022-09-27 14:29:35,901 | INFO : [unassigned] Processing SNPs 310000 to 319999 of 440222
2022-09-27 14:29:38,715 | INFO : [unassigned] Processing SNPs 320000 to 329999 of 440222
2022-09-27 14:29:39,744 | INFO : [unassigned] Processing SNPs 330000 to 339999 of 440222
2022-09-27 14:29:42,428 | INFO : [unassigned] Processing SNPs 340000 to 349999 of 440222
2022-09-27 14:29:45,121 | INFO : [unassigned] Processing SNPs 350000 to 359999 of 440222
2022-09-27 14:29:47,927 | INFO : [unassigned] Processing SNPs 360000 to 369999 of 440222
2022-09-27 14:29:50,811 | INFO : [unassigned] Processing SNPs 370000 to 379999 of 440222
2022-09-27 14:29:51,857 | INFO : [unassigned] Processing SNPs 380000 to 389999 of 440222
2022-09-27 14:29:54,541 | INFO : [unassigned] Processing SNPs 390000 to 399999 of 440222
2022-09-27 14:29:57,319 | INFO : [unassigned] Processing SNPs 400000 to 409999 of 440222
2022-09-27 14:30:00,212 | INFO : [unassigned] Processing SNPs 410000 to 419999 of 440222
2022-09-27 14:30:03,095 | INFO : [unassigned] Processing SNPs 420000 to 429999 of 440222
2022-09-27 14:30:04,211 | INFO : [unassigned] Processing SNPs 430000 to 439999 of 440222
2022-09-27 14:30:06,923 | INFO : [unassigned] Processing SNPs 440000 to 440221 of 440222
2022-09-27 14:30:07,956 | INFO : [unassigned] Sample 0 of 63
2022-09-27 14:30:54,678 | INFO : [unassigned] Sample 10 of 63
2022-09-27 14:31:34,869 | INFO : [unassigned] Sample 20 of 63
2022-09-27 14:32:16,792 | INFO : [unassigned] Sample 30 of 63
2022-09-27 14:32:53,020 | INFO : [unassigned] Sample 40 of 63
2022-09-27 14:33:29,157 | INFO : [unassigned] Sample 50 of 63
2022-09-27 14:34:06,237 | INFO : [unassigned] Sample 60 of 63
2022-09-27 14:34:18,536 | INFO : [unassigned] Writing interim results
2022-09-27 14:34:19,918 | INFO : [unassigned] Done!
2022-09-27 14:34:19,918 | INFO : Starting population WSEA
2022-09-27 14:34:19,920 | INFO : [WSEA] Data extraction complete!
2022-09-27 14:34:19,920 | INFO : [WSEA] Processing SNPs 0 to 9999 of 440222
2022-09-27 14:34:22,721 | INFO : [WSEA] Processing SNPs 10000 to 19999 of 440222
2022-09-27 14:34:25,004 | INFO : [WSEA] Processing SNPs 20000 to 29999 of 440222
2022-09-27 14:34:27,520 | INFO : [WSEA] Processing SNPs 30000 to 39999 of 440222
2022-09-27 14:34:31,345 | INFO : [WSEA] Processing SNPs 40000 to 49999 of 440222
2022-09-27 14:34:32,384 | INFO : [WSEA] Processing SNPs 50000 to 59999 of 440222
2022-09-27 14:34:35,914 | INFO : [WSEA] Processing SNPs 60000 to 69999 of 440222
2022-09-27 14:34:39,329 | INFO : [WSEA] Processing SNPs 70000 to 79999 of 440222
2022-09-27 14:34:41,475 | INFO : [WSEA] Processing SNPs 80000 to 89999 of 440222
2022-09-27 14:34:43,731 | INFO : [WSEA] Processing SNPs 90000 to 99999 of 440222
2022-09-27 14:34:46,021 | INFO : [WSEA] Processing SNPs 100000 to 109999 of 440222
2022-09-27 14:34:48,311 | INFO : [WSEA] Processing SNPs 110000 to 119999 of 440222
2022-09-27 14:34:49,223 | INFO : [WSEA] Processing SNPs 120000 to 129999 of 440222
2022-09-27 14:34:51,411 | INFO : [WSEA] Processing SNPs 130000 to 139999 of 440222
2022-09-27 14:34:53,571 | INFO : [WSEA] Processing SNPs 140000 to 149999 of 440222
2022-09-27 14:34:55,863 | INFO : [WSEA] Processing SNPs 150000 to 159999 of 440222
2022-09-27 14:34:56,850 | INFO : [WSEA] Processing SNPs 160000 to 169999 of 440222
2022-09-27 14:34:58,960 | INFO : [WSEA] Processing SNPs 170000 to 179999 of 440222
2022-09-27 14:35:02,348 | INFO : [WSEA] Processing SNPs 180000 to 189999 of 440222
2022-09-27 14:35:03,282 | INFO : [WSEA] Processing SNPs 190000 to 199999 of 440222
2022-09-27 14:35:05,453 | INFO : [WSEA] Processing SNPs 200000 to 209999 of 440222
2022-09-27 14:35:07,705 | INFO : [WSEA] Processing SNPs 210000 to 219999 of 440222
2022-09-27 14:35:11,316 | INFO : [WSEA] Processing SNPs 220000 to 229999 of 440222
2022-09-27 14:35:12,455 | INFO : [WSEA] Processing SNPs 230000 to 239999 of 440222
2022-09-27 14:35:15,896 | INFO : [WSEA] Processing SNPs 240000 to 249999 of 440222
2022-09-27 14:35:16,986 | INFO : [WSEA] Processing SNPs 250000 to 259999 of 440222
2022-09-27 14:35:19,257 | INFO : [WSEA] Processing SNPs 260000 to 269999 of 440222
2022-09-27 14:35:21,558 | INFO : [WSEA] Processing SNPs 270000 to 279999 of 440222
2022-09-27 14:35:24,963 | INFO : [WSEA] Processing SNPs 280000 to 289999 of 440222
2022-09-27 14:35:27,763 | INFO : [WSEA] Processing SNPs 290000 to 299999 of 440222
2022-09-27 14:35:28,723 | INFO : [WSEA] Processing SNPs 300000 to 309999 of 440222
2022-09-27 14:35:31,485 | INFO : [WSEA] Processing SNPs 310000 to 319999 of 440222
2022-09-27 14:35:34,854 | INFO : [WSEA] Processing SNPs 320000 to 329999 of 440222
2022-09-27 14:35:35,771 | INFO : [WSEA] Processing SNPs 330000 to 339999 of 440222
2022-09-27 14:35:38,597 | INFO : [WSEA] Processing SNPs 340000 to 349999 of 440222
2022-09-27 14:35:41,409 | INFO : [WSEA] Processing SNPs 350000 to 359999 of 440222
2022-09-27 14:35:44,288 | INFO : [WSEA] Processing SNPs 360000 to 369999 of 440222
2022-09-27 14:35:47,969 | INFO : [WSEA] Processing SNPs 370000 to 379999 of 440222
2022-09-27 14:35:48,864 | INFO : [WSEA] Processing SNPs 380000 to 389999 of 440222
2022-09-27 14:35:52,306 | INFO : [WSEA] Processing SNPs 390000 to 399999 of 440222
2022-09-27 14:35:55,052 | INFO : [WSEA] Processing SNPs 400000 to 409999 of 440222
2022-09-27 14:35:58,463 | INFO : [WSEA] Processing SNPs 410000 to 419999 of 440222
2022-09-27 14:36:01,810 | INFO : [WSEA] Processing SNPs 420000 to 429999 of 440222
2022-09-27 14:36:02,817 | INFO : [WSEA] Processing SNPs 430000 to 439999 of 440222
2022-09-27 14:36:06,243 | INFO : [WSEA] Processing SNPs 440000 to 440221 of 440222
2022-09-27 14:36:07,117 | INFO : [WSEA] Sample 0 of 135
2022-09-27 14:36:53,302 | INFO : [WSEA] Sample 10 of 135
2022-09-27 14:37:37,448 | INFO : [WSEA] Sample 20 of 135
2022-09-27 14:38:24,065 | INFO : [WSEA] Sample 30 of 135
2022-09-27 14:39:09,363 | INFO : [WSEA] Sample 40 of 135
2022-09-27 14:39:56,290 | INFO : [WSEA] Sample 50 of 135
2022-09-27 14:40:44,604 | INFO : [WSEA] Sample 60 of 135
2022-09-27 14:41:33,605 | INFO : [WSEA] Sample 70 of 135
2022-09-27 14:42:22,117 | INFO : [WSEA] Sample 80 of 135
2022-09-27 14:44:42,525 | INFO : [WSEA] Sample 90 of 135
2022-09-27 14:45:37,977 | INFO : [WSEA] Sample 100 of 135
2022-09-27 14:47:28,864 | INFO : [WSEA] Sample 110 of 135
2022-09-27 14:48:55,142 | INFO : [WSEA] Sample 120 of 135
2022-09-27 14:50:06,441 | INFO : [WSEA] Sample 130 of 135
2022-09-27 14:51:22,907 | INFO : [WSEA] Writing interim results
2022-09-27 14:51:24,367 | INFO : [WSEA] Done!
2022-09-27 14:51:24,367 | INFO : Starting population OCE
2022-09-27 14:51:24,369 | INFO : [OCE] Data extraction complete!
2022-09-27 14:51:24,369 | INFO : [OCE] Processing SNPs 0 to 9999 of 440222
2022-09-27 14:51:36,401 | INFO : [OCE] Processing SNPs 10000 to 19999 of 440222
2022-09-27 14:51:45,049 | INFO : [OCE] Processing SNPs 20000 to 29999 of 440222
2022-09-27 14:51:53,110 | INFO : [OCE] Processing SNPs 30000 to 39999 of 440222
2022-09-27 14:52:06,469 | INFO : [OCE] Processing SNPs 40000 to 49999 of 440222
2022-09-27 14:52:08,512 | INFO : [OCE] Processing SNPs 50000 to 59999 of 440222
2022-09-27 14:52:21,738 | INFO : [OCE] Processing SNPs 60000 to 69999 of 440222
2022-09-27 14:53:56,348 | INFO : [OCE] Processing SNPs 70000 to 79999 of 440222
2022-09-27 14:54:10,308 | INFO : [OCE] Processing SNPs 80000 to 89999 of 440222
2022-09-27 14:54:22,232 | INFO : [OCE] Processing SNPs 90000 to 99999 of 440222
2022-09-27 14:54:34,205 | INFO : [OCE] Processing SNPs 100000 to 109999 of 440222
2022-09-27 14:54:45,780 | INFO : [OCE] Processing SNPs 110000 to 119999 of 440222
2022-09-27 14:54:47,137 | INFO : [OCE] Processing SNPs 120000 to 129999 of 440222
2022-09-27 14:54:58,792 | INFO : [OCE] Processing SNPs 130000 to 139999 of 440222
2022-09-27 14:55:14,927 | INFO : [OCE] Processing SNPs 140000 to 149999 of 440222
2022-09-27 14:55:25,216 | INFO : [OCE] Processing SNPs 150000 to 159999 of 440222
2022-09-27 14:55:26,711 | INFO : [OCE] Processing SNPs 160000 to 169999 of 440222
2022-09-27 14:55:37,157 | INFO : [OCE] Processing SNPs 170000 to 179999 of 440222
2022-09-27 14:55:53,725 | INFO : [OCE] Processing SNPs 180000 to 189999 of 440222
2022-09-27 14:55:55,164 | INFO : [OCE] Processing SNPs 190000 to 199999 of 440222
2022-09-27 14:56:05,764 | INFO : [OCE] Processing SNPs 200000 to 209999 of 440222
2022-09-27 14:56:14,846 | INFO : [OCE] Processing SNPs 210000 to 219999 of 440222
2022-09-27 14:56:38,861 | INFO : [OCE] Processing SNPs 220000 to 229999 of 440222
2022-09-27 14:56:40,369 | INFO : [OCE] Processing SNPs 230000 to 239999 of 440222
2022-09-27 14:56:54,122 | INFO : [OCE] Processing SNPs 240000 to 249999 of 440222
2022-09-27 14:56:55,873 | INFO : [OCE] Processing SNPs 250000 to 259999 of 440222
2022-09-27 14:57:06,110 | INFO : [OCE] Processing SNPs 260000 to 269999 of 440222
2022-09-27 14:57:16,215 | INFO : [OCE] Processing SNPs 270000 to 279999 of 440222
2022-09-27 14:57:24,779 | INFO : [OCE] Processing SNPs 280000 to 289999 of 440222
2022-09-27 14:57:45,330 | INFO : [OCE] Processing SNPs 290000 to 299999 of 440222
2022-09-27 14:58:00,506 | INFO : [OCE] Processing SNPs 300000 to 309999 of 440222
2022-09-27 14:58:07,519 | INFO : [OCE] Processing SNPs 310000 to 319999 of 440222
2022-09-27 14:58:15,037 | INFO : [OCE] Processing SNPs 320000 to 329999 of 440222
2022-09-27 14:58:16,571 | INFO : [OCE] Processing SNPs 330000 to 339999 of 440222
2022-09-27 14:58:23,475 | INFO : [OCE] Processing SNPs 340000 to 349999 of 440222
2022-09-27 14:58:32,600 | INFO : [OCE] Processing SNPs 350000 to 359999 of 440222
2022-09-27 14:58:40,680 | INFO : [OCE] Processing SNPs 360000 to 369999 of 440222
2022-09-27 14:58:47,980 | INFO : [OCE] Processing SNPs 370000 to 379999 of 440222
2022-09-27 14:58:49,420 | INFO : [OCE] Processing SNPs 380000 to 389999 of 440222
2022-09-27 14:58:57,806 | INFO : [OCE] Processing SNPs 390000 to 399999 of 440222
2022-09-27 14:59:05,189 | INFO : [OCE] Processing SNPs 400000 to 409999 of 440222
2022-09-27 14:59:12,337 | INFO : [OCE] Processing SNPs 410000 to 419999 of 440222
2022-09-27 14:59:19,793 | INFO : [OCE] Processing SNPs 420000 to 429999 of 440222
2022-09-27 14:59:21,433 | INFO : [OCE] Processing SNPs 430000 to 439999 of 440222
2022-09-27 14:59:27,942 | INFO : [OCE] Processing SNPs 440000 to 440221 of 440222
2022-09-27 14:59:30,150 | INFO : [OCE] Sample 0 of 268
2022-09-27 15:00:15,991 | INFO : [OCE] Sample 10 of 268
2022-09-27 15:01:09,954 | INFO : [OCE] Sample 20 of 268
2022-09-27 15:02:20,397 | INFO : [OCE] Sample 30 of 268
2022-09-27 15:07:55,365 | INFO : [OCE] Sample 40 of 268
2022-09-27 15:10:21,907 | INFO : [OCE] Sample 50 of 268
2022-09-27 15:13:13,383 | INFO : [OCE] Sample 60 of 268
2022-09-27 15:16:58,230 | INFO : [OCE] Sample 70 of 268
2022-09-27 15:21:34,824 | INFO : [OCE] Sample 80 of 268
2022-09-27 15:28:16,243 | INFO : [OCE] Sample 90 of 268
2022-09-27 15:29:40,336 | INFO : [OCE] Sample 100 of 268
2022-09-27 15:30:19,815 | INFO : [OCE] Sample 110 of 268
2022-09-27 15:31:08,019 | INFO : [OCE] Sample 120 of 268
2022-09-27 15:32:35,948 | INFO : [OCE] Sample 130 of 268
2022-09-27 15:35:43,149 | INFO : [OCE] Sample 140 of 268
2022-09-27 15:38:03,374 | INFO : [OCE] Sample 150 of 268
2022-09-27 15:38:41,885 | INFO : [OCE] Sample 160 of 268
2022-09-27 15:39:22,210 | INFO : [OCE] Sample 170 of 268
2022-09-27 15:40:18,948 | INFO : [OCE] Sample 180 of 268
2022-09-27 15:42:03,627 | INFO : [OCE] Sample 190 of 268
2022-09-27 15:43:08,768 | INFO : [OCE] Sample 200 of 268
2022-09-27 15:44:29,464 | INFO : [OCE] Sample 210 of 268
2022-09-27 15:48:22,171 | INFO : [OCE] Sample 220 of 268
2022-09-27 15:50:48,924 | INFO : [OCE] Sample 230 of 268
2022-09-27 15:51:29,591 | INFO : [OCE] Sample 240 of 268
2022-09-27 15:52:10,429 | INFO : [OCE] Sample 250 of 268
2022-09-27 15:54:09,640 | INFO : [OCE] Sample 260 of 268
2022-09-27 15:54:55,104 | INFO : [OCE] Writing interim results
2022-09-27 15:54:56,883 | INFO : [OCE] Done!
2022-09-27 15:54:56,883 | INFO : Starting population MSEA
2022-09-27 15:54:56,912 | INFO : [MSEA] Data extraction complete!
2022-09-27 15:54:56,912 | INFO : [MSEA] Processing SNPs 0 to 9999 of 440222
2022-09-27 15:55:01,226 | INFO : [MSEA] Processing SNPs 10000 to 19999 of 440222
2022-09-27 15:55:04,795 | INFO : [MSEA] Processing SNPs 20000 to 29999 of 440222
2022-09-27 15:55:08,415 | INFO : [MSEA] Processing SNPs 30000 to 39999 of 440222
2022-09-27 15:55:14,403 | INFO : [MSEA] Processing SNPs 40000 to 49999 of 440222
2022-09-27 15:55:15,149 | INFO : [MSEA] Processing SNPs 50000 to 59999 of 440222
2022-09-27 15:55:20,880 | INFO : [MSEA] Processing SNPs 60000 to 69999 of 440222
2022-09-27 15:55:26,892 | INFO : [MSEA] Processing SNPs 70000 to 79999 of 440222
2022-09-27 15:55:30,130 | INFO : [MSEA] Processing SNPs 80000 to 89999 of 440222
2022-09-27 15:55:34,258 | INFO : [MSEA] Processing SNPs 90000 to 99999 of 440222
2022-09-27 15:55:37,167 | INFO : [MSEA] Processing SNPs 100000 to 109999 of 440222
2022-09-27 15:55:40,787 | INFO : [MSEA] Processing SNPs 110000 to 119999 of 440222
2022-09-27 15:55:41,567 | INFO : [MSEA] Processing SNPs 120000 to 129999 of 440222
2022-09-27 15:55:44,011 | INFO : [MSEA] Processing SNPs 130000 to 139999 of 440222
2022-09-27 15:55:47,057 | INFO : [MSEA] Processing SNPs 140000 to 149999 of 440222
2022-09-27 15:55:50,802 | INFO : [MSEA] Processing SNPs 150000 to 159999 of 440222
2022-09-27 15:55:51,571 | INFO : [MSEA] Processing SNPs 160000 to 169999 of 440222
2022-09-27 15:55:55,052 | INFO : [MSEA] Processing SNPs 170000 to 179999 of 440222
2022-09-27 15:56:01,033 | INFO : [MSEA] Processing SNPs 180000 to 189999 of 440222
2022-09-27 15:56:01,789 | INFO : [MSEA] Processing SNPs 190000 to 199999 of 440222
2022-09-27 15:56:04,786 | INFO : [MSEA] Processing SNPs 200000 to 209999 of 440222
2022-09-27 15:56:07,787 | INFO : [MSEA] Processing SNPs 210000 to 219999 of 440222
2022-09-27 15:56:13,226 | INFO : [MSEA] Processing SNPs 220000 to 229999 of 440222
2022-09-27 15:56:14,003 | INFO : [MSEA] Processing SNPs 230000 to 239999 of 440222
2022-09-27 15:56:18,217 | INFO : [MSEA] Processing SNPs 240000 to 249999 of 440222
2022-09-27 15:56:18,972 | INFO : [MSEA] Processing SNPs 250000 to 259999 of 440222
2022-09-27 15:56:21,445 | INFO : [MSEA] Processing SNPs 260000 to 269999 of 440222
2022-09-27 15:56:24,556 | INFO : [MSEA] Processing SNPs 270000 to 279999 of 440222
2022-09-27 15:56:27,670 | INFO : [MSEA] Processing SNPs 280000 to 289999 of 440222
2022-09-27 15:56:30,311 | INFO : [MSEA] Processing SNPs 290000 to 299999 of 440222
2022-09-27 15:56:31,062 | INFO : [MSEA] Processing SNPs 300000 to 309999 of 440222
2022-09-27 15:56:33,487 | INFO : [MSEA] Processing SNPs 310000 to 319999 of 440222
2022-09-27 15:56:36,218 | INFO : [MSEA] Processing SNPs 320000 to 329999 of 440222
2022-09-27 15:56:36,955 | INFO : [MSEA] Processing SNPs 330000 to 339999 of 440222
2022-09-27 15:56:39,330 | INFO : [MSEA] Processing SNPs 340000 to 349999 of 440222
2022-09-27 15:56:42,358 | INFO : [MSEA] Processing SNPs 350000 to 359999 of 440222
2022-09-27 15:56:45,426 | INFO : [MSEA] Processing SNPs 360000 to 369999 of 440222
2022-09-27 15:56:49,107 | INFO : [MSEA] Processing SNPs 370000 to 379999 of 440222
2022-09-27 15:56:49,848 | INFO : [MSEA] Processing SNPs 380000 to 389999 of 440222
2022-09-27 15:56:52,199 | INFO : [MSEA] Processing SNPs 390000 to 399999 of 440222
2022-09-27 15:56:54,699 | INFO : [MSEA] Processing SNPs 400000 to 409999 of 440222
2022-09-27 15:56:57,811 | INFO : [MSEA] Processing SNPs 410000 to 419999 of 440222
2022-09-27 15:57:00,964 | INFO : [MSEA] Processing SNPs 420000 to 429999 of 440222
2022-09-27 15:57:01,741 | INFO : [MSEA] Processing SNPs 430000 to 439999 of 440222
2022-09-27 15:57:04,675 | INFO : [MSEA] Processing SNPs 440000 to 440221 of 440222
2022-09-27 15:57:05,408 | INFO : [MSEA] Sample 0 of 85
2022-09-27 15:57:46,245 | INFO : [MSEA] Sample 10 of 85
2022-09-27 15:58:33,819 | INFO : [MSEA] Sample 20 of 85
2022-09-27 15:59:24,386 | INFO : [MSEA] Sample 30 of 85
2022-09-27 16:00:10,182 | INFO : [MSEA] Sample 40 of 85
2022-09-27 16:01:12,513 | INFO : [MSEA] Sample 50 of 85
2022-09-27 16:03:02,946 | INFO : [MSEA] Sample 60 of 85
2022-09-27 16:04:47,135 | INFO : [MSEA] Sample 70 of 85
2022-09-27 16:09:33,447 | INFO : [MSEA] Sample 80 of 85
2022-09-27 16:11:49,738 | INFO : [MSEA] Writing interim results
2022-09-27 16:11:51,307 | INFO : [MSEA] Done!
